Using pre-set license
Built from '2020.3/release' branch; Version is '2020.3.2f1 (8fd9074bf66c) revision 9427207'; Using compiler version '192528614'; Build Type 'Release'
OS: 'Windows 10 Home; OS build 19042.928; Version 2009; 64bit' Language: 'ko' Physical Memory: 16217 MB
BatchMode: 1, IsHumanControllingUs: 0, StartBugReporterOnCrash: 0, Is64bit: 1, IsPro: 0

 COMMAND LINE ARGUMENTS:
C:\Program Files\Unity\Hub\Editor\2020.3.2f1\Editor\Unity.exe
-adb2
-batchMode
-noUpm
-name
AssetImportWorker0
-projectPath
C:/Users/user/Desktop/Monoon2/monoon-login
-logFile
Logs/AssetImportWorker0.log
-srvPort
64985
Successfully changed project path to: C:/Users/user/Desktop/Monoon2/monoon-login
C:/Users/user/Desktop/Monoon2/monoon-login
Using Asset Import Pipeline V2.
Refreshing native plugins compatible for Editor in 125.01 ms, found 2 plugins.
Preloading 0 native plugins for Editor in 0.00 ms.
Initialize engine version: 2020.3.2f1 (8fd9074bf66c)
[Subsystems] Discovering subsystems at path C:/Program Files/Unity/Hub/Editor/2020.3.2f1/Editor/Data/Resources/UnitySubsystems
[Subsystems] Discovering subsystems at path C:/Users/user/Desktop/Monoon2/monoon-login/Assets
GfxDevice: creating device client; threaded=0
Direct3D:
    Version:  Direct3D 11.0 [level 11.1]
    Renderer: Intel(R) UHD Graphics 620 (ID=0x5917)
    Vendor:   
    VRAM:     8108 MB
    Driver:   23.20.16.4849
Initialize mono
Mono path[0] = 'C:/Program Files/Unity/Hub/Editor/2020.3.2f1/Editor/Data/Managed'
Mono path[1] = 'C:/Program Files/Unity/Hub/Editor/2020.3.2f1/Editor/Data/MonoBleedingEdge/lib/mono/unityjit'
Mono config path = 'C:/Program Files/Unity/Hub/Editor/2020.3.2f1/Editor/Data/MonoBleedingEdge/etc'
Using monoOptions --debugger-agent=transport=dt_socket,embedding=1,server=y,suspend=n,address=127.0.0.1:56496
Begin MonoManager ReloadAssembly
Registering precompiled unity dll's ...
Register platform support module: C:/Program Files/Unity/Hub/Editor/2020.3.2f1/Editor/Data/PlaybackEngines/WindowsStandaloneSupport/UnityEditor.WindowsStandalone.Extensions.dll
Registered in 0.008409 seconds.
Native extension for WindowsStandalone target not found
Refreshing native plugins compatible for Editor in 67.10 ms, found 2 plugins.
Preloading 0 native plugins for Editor in 0.00 ms.
Invoked RoslynAnalysisRunner static constructor.
RoslynAnalysisRunner will not be running.
RoslynAnalysisRunner has terminated.
Mono: successfully reloaded assembly
- Completed reload, in  3.714 seconds
Platform modules already initialized, skipping
Registering precompiled user dll's ...
Registered in 0.031807 seconds.
Begin MonoManager ReloadAssembly
Native extension for WindowsStandalone target not found
Refreshing native plugins compatible for Editor in 0.89 ms, found 2 plugins.
Preloading 0 native plugins for Editor in 0.00 ms.
Invoked RoslynAnalysisRunner static constructor.
RoslynAnalysisRunner will not be running.
RoslynAnalysisRunner has terminated.
Mono: successfully reloaded assembly
- Completed reload, in  1.599 seconds
Platform modules already initialized, skipping
========================================================================
Worker process is ready to serve import requests
Launched and connected shader compiler UnityShaderCompiler.exe after 0.08 seconds
Refreshing native plugins compatible for Editor in 1.68 ms, found 2 plugins.
Preloading 0 native plugins for Editor in 0.00 ms.
Unloading 1630 Unused Serialized files (Serialized files now loaded: 0)
System memory in use before: 94.6 MB.
System memory in use after: 94.6 MB.

Unloading 93 unused Assets to reduce memory usage. Loaded Objects now: 2025.
Total: 4.007700 ms (FindLiveObjects: 0.446400 ms CreateObjectMapping: 0.128500 ms MarkObjects: 3.240800 ms  DeleteObjects: 0.189000 ms)

========================================================================
Received Import Request.
  path: Assets/Photon Unity Networking/Plugins/PhotonNetwork
  artifactKey: Guid(17f781dfbe35aa24cadfd52f1eba2624) Importer(815301076,1909f56bfc062723c751e8b465ee728b)
Start importing Assets/Photon Unity Networking/Plugins/PhotonNetwork using Guid(17f781dfbe35aa24cadfd52f1eba2624) Importer(815301076,1909f56bfc062723c751e8b465ee728b)  -> (artifact id: '84b002aa6dc8d3b8f96e978d0da33bab') in 0.010882 seconds
  Import took 0.014562 seconds .

========================================================================
Received Import Request.
  Time since last request: 0.000308 seconds.
  path: Assets/Photon Unity Networking/Plugins
  artifactKey: Guid(76df7f01e71e35a4a8bb6e25a67483bf) Importer(815301076,1909f56bfc062723c751e8b465ee728b)
Start importing Assets/Photon Unity Networking/Plugins using Guid(76df7f01e71e35a4a8bb6e25a67483bf) Importer(815301076,1909f56bfc062723c751e8b465ee728b)  -> (artifact id: '0f0b6fe5966277424e52f06202589265') in 0.009095 seconds
  Import took 0.015179 seconds .

========================================================================
Received Import Request.
  Time since last request: 24.583939 seconds.
  path: Assets/_TerrainAutoUpgrade
  artifactKey: Guid(c610a5795ba0ad44485b346eb8558199) Importer(815301076,1909f56bfc062723c751e8b465ee728b)
Start importing Assets/_TerrainAutoUpgrade using Guid(c610a5795ba0ad44485b346eb8558199) Importer(815301076,1909f56bfc062723c751e8b465ee728b)  -> (artifact id: '6aab581493e63ea796ba54eae6227c1f') in 0.012180 seconds
  Import took 0.016771 seconds .

========================================================================
Received Import Request.
  Time since last request: 0.740950 seconds.
  path: Assets/Fonts
  artifactKey: Guid(e81a0ef1ab325de4a8241e4ea2be7ab0) Importer(815301076,1909f56bfc062723c751e8b465ee728b)
Start importing Assets/Fonts using Guid(e81a0ef1ab325de4a8241e4ea2be7ab0) Importer(815301076,1909f56bfc062723c751e8b465ee728b)  -> (artifact id: '05c8edb6609574d57708043bb3d865f9') in 0.014777 seconds
  Import took 0.019856 seconds .

AssetImportWorkerClient::OnTransportError - code=2 error=End of file
