Using pre-set license

 COMMAND LINE ARGUMENTS:
/Applications/Unity/Hub/Editor/2020.3.2f1/Unity.app/Contents/MacOS/Unity
-adb2
-batchMode
-noUpm
-name
AssetImportWorker0
-projectPath
/Users/minjoo.h/monoon/Monoon/monoon-login
-logFile
Logs/AssetImportWorker0.log
-srvPort
55017
Successfully changed project path to: /Users/minjoo.h/monoon/Monoon/monoon-login
/Users/minjoo.h/monoon/Monoon/monoon-login
Using Asset Import Pipeline V2.
Refreshing native plugins compatible for Editor in 436.40 ms, found 4 plugins.
Preloading 0 native plugins for Editor in 0.00 ms.
Initialize engine version: 2020.3.2f1 (8fd9074bf66c)
[Subsystems] Discovering subsystems at path /Applications/Unity/Hub/Editor/2020.3.2f1/Unity.app/Contents/Resources/UnitySubsystems
[Subsystems] Discovering subsystems at path /Users/minjoo.h/monoon/Monoon/monoon-login/Assets
GfxDevice: creating device client; threaded=0
2021-04-30 16:56:40.386 Unity[84038:4163443] Color LCD preferred device: Intel(R) Iris(TM) Plus Graphics 640 (low power)
2021-04-30 16:56:40.386 Unity[84038:4163443] Metal devices available: 1
2021-04-30 16:56:40.386 Unity[84038:4163443] 0: Intel(R) Iris(TM) Plus Graphics 640 (low power)
2021-04-30 16:56:40.386 Unity[84038:4163443] Using device Intel(R) Iris(TM) Plus Graphics 640 (low power)
Initializing Metal device caps: Intel(R) Iris(TM) Plus Graphics 640
Initialize mono
Mono path[0] = '/Applications/Unity/Hub/Editor/2020.3.2f1/Unity.app/Contents/Managed'
Mono path[1] = '/Applications/Unity/Hub/Editor/2020.3.2f1/Unity.app/Contents/MonoBleedingEdge/lib/mono/unityjit'
Mono config path = '/Applications/Unity/Hub/Editor/2020.3.2f1/Unity.app/Contents/MonoBleedingEdge/etc'
Using monoOptions --debugger-agent=transport=dt_socket,embedding=1,server=y,suspend=n,address=127.0.0.1:56038
Begin MonoManager ReloadAssembly
Registering precompiled unity dll's ...
Register platform support module: /Applications/Unity/Hub/Editor/2020.3.2f1/Unity.app/Contents/PlaybackEngines/MacStandaloneSupport/UnityEditor.OSXStandalone.Extensions.dll
Registered in 0.002942 seconds.
Native extension for OSXStandalone target not found
Refreshing native plugins compatible for Editor in 281.10 ms, found 4 plugins.
Preloading 0 native plugins for Editor in 0.00 ms.
Invoked RoslynAnalysisRunner static constructor.
RoslynAnalysisRunner will not be running.
RoslynAnalysisRunner has terminated.
Mono: successfully reloaded assembly
- Completed reload, in 13.897 seconds
Platform modules already initialized, skipping
Registering precompiled user dll's ...
Registered in 0.036347 seconds.
Begin MonoManager ReloadAssembly
Native extension for OSXStandalone target not found
Refreshing native plugins compatible for Editor in 1.41 ms, found 4 plugins.
Preloading 0 native plugins for Editor in 0.00 ms.
Invoked RoslynAnalysisRunner static constructor.
RoslynAnalysisRunner will not be running.
RoslynAnalysisRunner has terminated.
Mono: successfully reloaded assembly
- Completed reload, in  3.096 seconds
Platform modules already initialized, skipping
========================================================================
Worker process is ready to serve import requests
Launching external process: /Applications/Unity/Hub/Editor/2020.3.2f1/Unity.app/Contents/Tools/UnityShaderCompiler
Launched and connected shader compiler UnityShaderCompiler after 0.02 seconds
Refreshing native plugins compatible for Editor in 1.48 ms, found 4 plugins.
Preloading 0 native plugins for Editor in 0.00 ms.
Unloading 1638 Unused Serialized files (Serialized files now loaded: 0)
System memory in use before: 174.6 MB.
System memory in use after: 174.7 MB.

Unloading 101 unused Assets to reduce memory usage. Loaded Objects now: 2023.
Total: 2.784930 ms (FindLiveObjects: 0.256786 ms CreateObjectMapping: 0.077918 ms MarkObjects: 2.309305 ms  DeleteObjects: 0.139166 ms)

========================================================================
Received Import Request.
  path: Assets/Photon Unity Networking/Demos/DemoSynchronization/MatCubeExtra.mat
  artifactKey: Guid(9f1129974630774409da4274a848e31e) Importer(815301076,1909f56bfc062723c751e8b465ee728b)
Start importing Assets/Photon Unity Networking/Demos/DemoSynchronization/MatCubeExtra.mat using Guid(9f1129974630774409da4274a848e31e) Importer(815301076,1909f56bfc062723c751e8b465ee728b)  -> (artifact id: 'dba4907ccdc46be64150436692da683f') in 2.773428 seconds
  Import took 2.780243 seconds .

========================================================================
Received Import Request.
  Time since last request: 0.000346 seconds.
  path: Assets/Photon Unity Networking/Demos/MarcoPolo-Tutorial/Monstergame/Resources/Materials/muktargame-oog.mat
  artifactKey: Guid(4237e8c77361e6b43bdc3c785b6aa272) Importer(815301076,1909f56bfc062723c751e8b465ee728b)
Start importing Assets/Photon Unity Networking/Demos/MarcoPolo-Tutorial/Monstergame/Resources/Materials/muktargame-oog.mat using Guid(4237e8c77361e6b43bdc3c785b6aa272) Importer(815301076,1909f56bfc062723c751e8b465ee728b)  -> (artifact id: '13f33df07ef34aa184e837531933ec8b') in 0.618682 seconds
  Import took 0.625511 seconds .

========================================================================
Received Import Request.
  Time since last request: 0.000319 seconds.
  path: Assets/Photon Unity Networking/Demos/DemoPickup/Assets/Materials/CharMat.mat
  artifactKey: Guid(41f984acc95ee444787756c8fe13520f) Importer(815301076,1909f56bfc062723c751e8b465ee728b)
Start importing Assets/Photon Unity Networking/Demos/DemoPickup/Assets/Materials/CharMat.mat using Guid(41f984acc95ee444787756c8fe13520f) Importer(815301076,1909f56bfc062723c751e8b465ee728b)  -> (artifact id: '5e2ea9eab4ed754d8513f07dce2e302f') in 0.014609 seconds
  Import took 0.020028 seconds .

========================================================================
Received Import Request.
  Time since last request: 0.000316 seconds.
  path: Assets/Photon Unity Networking/Demos/PunBasics-Tutorial/Materials/UnitTextureGreen12x.mat
  artifactKey: Guid(8c13ddd2bc8fa4e85943376cf7c8bf7d) Importer(815301076,1909f56bfc062723c751e8b465ee728b)
Start importing Assets/Photon Unity Networking/Demos/PunBasics-Tutorial/Materials/UnitTextureGreen12x.mat using Guid(8c13ddd2bc8fa4e85943376cf7c8bf7d) Importer(815301076,1909f56bfc062723c751e8b465ee728b)  -> (artifact id: '7652f45a608bb82e85e94aa7faafb3e6') in 0.022725 seconds
  Import took 0.030447 seconds .

========================================================================
Received Import Request.
  Time since last request: 0.000318 seconds.
  path: Assets/Kmong_Sookmyung_210427/03_백주년.FBX
  artifactKey: Guid(07954aa43ff985e48a7ee6fc16eef731) Importer(815301076,1909f56bfc062723c751e8b465ee728b)
Start importing Assets/Kmong_Sookmyung_210427/03_백주년.FBX using Guid(07954aa43ff985e48a7ee6fc16eef731) Importer(815301076,1909f56bfc062723c751e8b465ee728b)  -> (artifact id: '901ad5cca22b6b602c15ef7ffa3ccd28') in 0.813779 seconds
  Import took 0.818656 seconds .

========================================================================
Received Import Request.
  Time since last request: 0.000599 seconds.
  path: Assets/Photon Unity Networking/Demos/Shared Assets/Materials/Gradient.mat
  artifactKey: Guid(32e7ed8e6b80b884bbed8260b788648b) Importer(815301076,1909f56bfc062723c751e8b465ee728b)
Start importing Assets/Photon Unity Networking/Demos/Shared Assets/Materials/Gradient.mat using Guid(32e7ed8e6b80b884bbed8260b788648b) Importer(815301076,1909f56bfc062723c751e8b465ee728b)  -> (artifact id: '3b5a5cc919cf227b041e8a32054bccce') in 0.086855 seconds
  Import took 0.096121 seconds .

========================================================================
Received Import Request.
  Time since last request: 0.001099 seconds.
  path: Assets/Photon Unity Networking/Demos/PunBasics-Tutorial/Materials/Red Beam.mat
  artifactKey: Guid(409bf720e9924426b9f253cf037a8f4e) Importer(815301076,1909f56bfc062723c751e8b465ee728b)
Start importing Assets/Photon Unity Networking/Demos/PunBasics-Tutorial/Materials/Red Beam.mat using Guid(409bf720e9924426b9f253cf037a8f4e) Importer(815301076,1909f56bfc062723c751e8b465ee728b)  -> (artifact id: 'b0cd003c59c5295d35b729fd7d8b6c34') in 0.037555 seconds
  Import took 0.048699 seconds .

========================================================================
Received Import Request.
  Time since last request: 0.001148 seconds.
  path: Assets/Photon Unity Networking/Demos/Shared Assets/Animations/Materials/TongueMaterial.mat
  artifactKey: Guid(28498b9ebcb776a46b3c9479a664bfc7) Importer(815301076,1909f56bfc062723c751e8b465ee728b)
Start importing Assets/Photon Unity Networking/Demos/Shared Assets/Animations/Materials/TongueMaterial.mat using Guid(28498b9ebcb776a46b3c9479a664bfc7) Importer(815301076,1909f56bfc062723c751e8b465ee728b)  -> (artifact id: 'aacee50b40ee2852fd1f4f01dc8b2015') in 0.020426 seconds
  Import took 0.026867 seconds .

========================================================================
Received Import Request.
  Time since last request: 0.004604 seconds.
  path: Assets/Photon Unity Networking/Demos/DemoPickup/Assets/Materials/PickLightMat.mat
  artifactKey: Guid(b205376bcefa990488ef4615853255dd) Importer(815301076,1909f56bfc062723c751e8b465ee728b)
Start importing Assets/Photon Unity Networking/Demos/DemoPickup/Assets/Materials/PickLightMat.mat using Guid(b205376bcefa990488ef4615853255dd) Importer(815301076,1909f56bfc062723c751e8b465ee728b)  -> (artifact id: 'f41fe6f55f2416652f6d8a0fa383b2f1') in 0.088356 seconds
  Import took 0.096495 seconds .

========================================================================
Received Import Request.
  Time since last request: 0.000368 seconds.
  path: Assets/Photon Unity Networking/Demos/DemoBoxes/Resources/eurof35.ttf
  artifactKey: Guid(954746d370bc8934299c8c8267543f4f) Importer(815301076,1909f56bfc062723c751e8b465ee728b)
Start importing Assets/Photon Unity Networking/Demos/DemoBoxes/Resources/eurof35.ttf using Guid(954746d370bc8934299c8c8267543f4f) Importer(815301076,1909f56bfc062723c751e8b465ee728b)  -> (artifact id: '57968a6638d6fbd3f1cd4f27c6e894bf') in 5.190212 seconds
  Import took 5.196968 seconds .

========================================================================
Received Import Request.
  Time since last request: 0.000454 seconds.
  path: Assets/noonsong.fbx
  artifactKey: Guid(868964841daf15540abe9152a6b2bcdc) Importer(815301076,1909f56bfc062723c751e8b465ee728b)
Start importing Assets/noonsong.fbx using Guid(868964841daf15540abe9152a6b2bcdc) Importer(815301076,1909f56bfc062723c751e8b465ee728b)  -> (artifact id: '69fae9b85af5524ebe9181d5c9aa3da0') in 0.464535 seconds
  Import took 0.469573 seconds .

========================================================================
Received Import Request.
  Time since last request: 0.000320 seconds.
  path: Assets/Photon Unity Networking/Demos/DemoPickup/Assets/Materials/PickItem-Green.mat
  artifactKey: Guid(8d034628a1766f64bb892b8e4aea38ae) Importer(815301076,1909f56bfc062723c751e8b465ee728b)
Start importing Assets/Photon Unity Networking/Demos/DemoPickup/Assets/Materials/PickItem-Green.mat using Guid(8d034628a1766f64bb892b8e4aea38ae) Importer(815301076,1909f56bfc062723c751e8b465ee728b)  -> (artifact id: 'b8aab0cfb7d7d82bf1eabedeb4fb3800') in 0.368557 seconds
  Import took 0.373905 seconds .

========================================================================
Received Import Request.
  Time since last request: 0.000325 seconds.
  path: Assets/Photon Unity Networking/Demos/MarcoPolo-Tutorial/Monstergame/Resources/Materials/muktargame-No Name.mat
  artifactKey: Guid(8fb25e0168086b34dba5e4e6e5722974) Importer(815301076,1909f56bfc062723c751e8b465ee728b)
Start importing Assets/Photon Unity Networking/Demos/MarcoPolo-Tutorial/Monstergame/Resources/Materials/muktargame-No Name.mat using Guid(8fb25e0168086b34dba5e4e6e5722974) Importer(815301076,1909f56bfc062723c751e8b465ee728b)  -> (artifact id: '4ab1c5e26266e864d748a6a0299f278a') in 0.036832 seconds
  Import took 0.045909 seconds .

========================================================================
Received Import Request.
  Time since last request: 0.002167 seconds.
  path: Assets/Photon Unity Networking/Demos/DemoPickup/Assets/Materials/PickItem-Yellow.mat
  artifactKey: Guid(96c1e8103cb08074786e86c7dfc04f64) Importer(815301076,1909f56bfc062723c751e8b465ee728b)
Start importing Assets/Photon Unity Networking/Demos/DemoPickup/Assets/Materials/PickItem-Yellow.mat using Guid(96c1e8103cb08074786e86c7dfc04f64) Importer(815301076,1909f56bfc062723c751e8b465ee728b)  -> (artifact id: 'ff6fcfa14d41e81d6cca5dbb683e299c') in 0.016264 seconds
  Import took 0.023309 seconds .

========================================================================
Received Import Request.
  Time since last request: 0.000946 seconds.
  path: Assets/noonsong2.fbx
  artifactKey: Guid(6b938194fc7044442b3dfba7a06bad6a) Importer(815301076,1909f56bfc062723c751e8b465ee728b)
Start importing Assets/noonsong2.fbx using Guid(6b938194fc7044442b3dfba7a06bad6a) Importer(815301076,1909f56bfc062723c751e8b465ee728b)  -> (artifact id: '20cd57f0b924202afb3505e077ff4989') in 0.136148 seconds
  Import took 0.142804 seconds .

========================================================================
Received Import Request.
  Time since last request: 0.000322 seconds.
  path: Assets/Photon Unity Networking/Demos/DemoWorker/Art/Character Controllers/Sources/PrototypeCharacter/Materials/constructor_done.mat
  artifactKey: Guid(ca49380a71a2bb64c830d06bd421b9d1) Importer(815301076,1909f56bfc062723c751e8b465ee728b)
Start importing Assets/Photon Unity Networking/Demos/DemoWorker/Art/Character Controllers/Sources/PrototypeCharacter/Materials/constructor_done.mat using Guid(ca49380a71a2bb64c830d06bd421b9d1) Importer(815301076,1909f56bfc062723c751e8b465ee728b)  -> (artifact id: '646c8f518ba330eaeeb65b7288a20729') in 0.708258 seconds
  Import took 0.714927 seconds .

========================================================================
Received Import Request.
  Time since last request: 0.000331 seconds.
  path: Assets/Kmong_Sookmyung_210427/01_이과대학.FBX
  artifactKey: Guid(9fe0df00931e3a345bbe7522baececb2) Importer(815301076,1909f56bfc062723c751e8b465ee728b)
Start importing Assets/Kmong_Sookmyung_210427/01_이과대학.FBX using Guid(9fe0df00931e3a345bbe7522baececb2) Importer(815301076,1909f56bfc062723c751e8b465ee728b)  -> (artifact id: 'fdb900dd5f2452df9d6199de40e015ea') in 0.226443 seconds
  Import took 0.233022 seconds .

========================================================================
Received Import Request.
  Time since last request: 0.000599 seconds.
  path: Assets/Photon Unity Networking/Demos/Shared Assets/Materials/Robot_Color.mat
  artifactKey: Guid(0aa851515cd3747d6b3b3e461199a2ed) Importer(815301076,1909f56bfc062723c751e8b465ee728b)
Start importing Assets/Photon Unity Networking/Demos/Shared Assets/Materials/Robot_Color.mat using Guid(0aa851515cd3747d6b3b3e461199a2ed) Importer(815301076,1909f56bfc062723c751e8b465ee728b)  -> (artifact id: 'f42dc134bc6c391884aa9f0073e8d549') in 0.854520 seconds
  Import took 0.860583 seconds .

========================================================================
Received Import Request.
  Time since last request: 0.000548 seconds.
  path: Assets/Photon Unity Networking/Demos/DemoSynchronization/MatCubeInter.mat
  artifactKey: Guid(14ed06ac0127c154589d77e354a9dbd1) Importer(815301076,1909f56bfc062723c751e8b465ee728b)
Start importing Assets/Photon Unity Networking/Demos/DemoSynchronization/MatCubeInter.mat using Guid(14ed06ac0127c154589d77e354a9dbd1) Importer(815301076,1909f56bfc062723c751e8b465ee728b)  -> (artifact id: '493200c1e2e3e128bfccb2cca2e2e136') in 0.020462 seconds
  Import took 0.030276 seconds .

========================================================================
Received Import Request.
  Time since last request: 0.006831 seconds.
  path: Assets/Photon Unity Networking/Demos/Shared Assets/Materials/UnitCircleTexture.mat
  artifactKey: Guid(80114bc117609cd4e9c988f8692e7a68) Importer(815301076,1909f56bfc062723c751e8b465ee728b)
Start importing Assets/Photon Unity Networking/Demos/Shared Assets/Materials/UnitCircleTexture.mat using Guid(80114bc117609cd4e9c988f8692e7a68) Importer(815301076,1909f56bfc062723c751e8b465ee728b)  -> (artifact id: '1d9c0b2fdacd462ffcb733fed8394d53') in 0.531377 seconds
  Import took 0.537507 seconds .

========================================================================
Received Import Request.
  Time since last request: 0.000281 seconds.
  path: Assets/Photon Unity Networking/Demos/DemoRockPaperScissors/Assets/OpenSans/OpenSans-Regular.ttf
  artifactKey: Guid(439afd3f954cea94c8e910eef29cd81f) Importer(815301076,1909f56bfc062723c751e8b465ee728b)
Start importing Assets/Photon Unity Networking/Demos/DemoRockPaperScissors/Assets/OpenSans/OpenSans-Regular.ttf using Guid(439afd3f954cea94c8e910eef29cd81f) Importer(815301076,1909f56bfc062723c751e8b465ee728b)  -> (artifact id: '3d187476bef82ea54477afa60dde3cbe') in 0.028461 seconds
  Import took 0.035662 seconds .

========================================================================
Received Import Request.
  Time since last request: 0.002921 seconds.
  path: Assets/Photon Unity Networking/Demos/Shared Assets/Materials/UnitCircleMaterial.mat
  artifactKey: Guid(fb6c12085a6b0a5429029fcd6478a816) Importer(815301076,1909f56bfc062723c751e8b465ee728b)
Start importing Assets/Photon Unity Networking/Demos/Shared Assets/Materials/UnitCircleMaterial.mat using Guid(fb6c12085a6b0a5429029fcd6478a816) Importer(815301076,1909f56bfc062723c751e8b465ee728b)  -> (artifact id: '30544900c61035422dabc8064a28de20') in 0.020946 seconds
  Import took 0.026632 seconds .

========================================================================
Received Import Request.
  Time since last request: 0.000506 seconds.
  path: Assets/Photon Unity Networking/Demos/Shared Assets/Materials/UnitTextureBlue.mat
  artifactKey: Guid(1401c9e6acd739e49a9caa91ab07ac7a) Importer(815301076,1909f56bfc062723c751e8b465ee728b)
Start importing Assets/Photon Unity Networking/Demos/Shared Assets/Materials/UnitTextureBlue.mat using Guid(1401c9e6acd739e49a9caa91ab07ac7a) Importer(815301076,1909f56bfc062723c751e8b465ee728b)  -> (artifact id: 'a375618b99ce4c106cc3fdc35581a18b') in 0.024736 seconds
  Import took 0.031277 seconds .

========================================================================
Received Import Request.
  Time since last request: 0.000410 seconds.
  path: Assets/Photon Unity Networking/Demos/Shared Assets/Animations/Materials/EyesMaterial.mat
  artifactKey: Guid(ce5a83fcea7762541ba43ca5bd854dae) Importer(815301076,1909f56bfc062723c751e8b465ee728b)
Start importing Assets/Photon Unity Networking/Demos/Shared Assets/Animations/Materials/EyesMaterial.mat using Guid(ce5a83fcea7762541ba43ca5bd854dae) Importer(815301076,1909f56bfc062723c751e8b465ee728b)  -> (artifact id: '6c4fd7008bf8887c5ca0254b30f5030a') in 0.024247 seconds
  Import took 0.031103 seconds .

========================================================================
Received Import Request.
  Time since last request: 0.000326 seconds.
  path: Assets/Photon Unity Networking/Demos/Shared Assets/Animations/Materials/SkinMaterial.mat
  artifactKey: Guid(37d0d4d178b5dbf449ff0814718dc354) Importer(815301076,1909f56bfc062723c751e8b465ee728b)
Start importing Assets/Photon Unity Networking/Demos/Shared Assets/Animations/Materials/SkinMaterial.mat using Guid(37d0d4d178b5dbf449ff0814718dc354) Importer(815301076,1909f56bfc062723c751e8b465ee728b)  -> (artifact id: 'f8c4c9e84af56fa61f3a94bb9a5dadb3') in 0.017769 seconds
  Import took 0.024930 seconds .

========================================================================
Received Import Request.
  Time since last request: 0.000387 seconds.
  path: Assets/Photon Unity Networking/Demos/DemoSynchronization/MatCubeLerp.mat
  artifactKey: Guid(c3b3cff6cfe342241a7c288b16235032) Importer(815301076,1909f56bfc062723c751e8b465ee728b)
Start importing Assets/Photon Unity Networking/Demos/DemoSynchronization/MatCubeLerp.mat using Guid(c3b3cff6cfe342241a7c288b16235032) Importer(815301076,1909f56bfc062723c751e8b465ee728b)  -> (artifact id: 'e7576a36a1944ec2eb056fda33b5724b') in 0.022362 seconds
  Import took 0.030753 seconds .

========================================================================
Received Import Request.
  Time since last request: 0.002976 seconds.
  path: Assets/Photon Unity Networking/Demos/DemoBoxes/Resources/UnitMaterialEmit.mat
  artifactKey: Guid(14ebb622e6e427a449df28289c7c9d01) Importer(815301076,1909f56bfc062723c751e8b465ee728b)
Start importing Assets/Photon Unity Networking/Demos/DemoBoxes/Resources/UnitMaterialEmit.mat using Guid(14ebb622e6e427a449df28289c7c9d01) Importer(815301076,1909f56bfc062723c751e8b465ee728b)  -> (artifact id: '44991faf485f8a71087688665f2d83a1') in 0.267353 seconds
  Import took 0.273833 seconds .

========================================================================
Received Import Request.
  Time since last request: 0.000332 seconds.
  path: Assets/Photon Unity Networking/Demos/DemoPickup/Assets/Materials/DarkOverlay.mat
  artifactKey: Guid(0e64e67439050b24f992cb6e55e2ab68) Importer(815301076,1909f56bfc062723c751e8b465ee728b)
Start importing Assets/Photon Unity Networking/Demos/DemoPickup/Assets/Materials/DarkOverlay.mat using Guid(0e64e67439050b24f992cb6e55e2ab68) Importer(815301076,1909f56bfc062723c751e8b465ee728b)  -> (artifact id: '7d15f472fa1acc47a4ada991020dfa1a') in 0.015368 seconds
  Import took 0.021116 seconds .

========================================================================
Received Import Request.
  Time since last request: 0.000459 seconds.
  path: Assets/Quantum Tek/Quantum UI/Fonts/Montserrat/Montserrat-Regular SDF.asset
  artifactKey: Guid(94372b37536c348c69ca263f84cda3f8) Importer(815301076,1909f56bfc062723c751e8b465ee728b)
Start importing Assets/Quantum Tek/Quantum UI/Fonts/Montserrat/Montserrat-Regular SDF.asset using Guid(94372b37536c348c69ca263f84cda3f8) Importer(815301076,1909f56bfc062723c751e8b465ee728b)  -> (artifact id: '46fcf14ee997205a6dbb313eee792a4c') in 0.443585 seconds
  Import took 0.450502 seconds .

========================================================================
Received Import Request.
  Time since last request: 0.000532 seconds.
  path: Assets/Photon Unity Networking/Demos/Shared Assets/Materials/UnitTextureRed.mat
  artifactKey: Guid(4c506c95d32f3494e9453ef5c0124b0e) Importer(815301076,1909f56bfc062723c751e8b465ee728b)
Start importing Assets/Photon Unity Networking/Demos/Shared Assets/Materials/UnitTextureRed.mat using Guid(4c506c95d32f3494e9453ef5c0124b0e) Importer(815301076,1909f56bfc062723c751e8b465ee728b)  -> (artifact id: 'ecba6ed2878fdede7b8b79f62114c83c') in 0.016955 seconds
  Import took 0.025939 seconds .

========================================================================
Received Import Request.
  Time since last request: 0.000320 seconds.
  path: Assets/Fonts/NANUMSQUAREB.TTF
  artifactKey: Guid(51740c486612de64780a69b9d5a5b1d1) Importer(815301076,1909f56bfc062723c751e8b465ee728b)
Start importing Assets/Fonts/NANUMSQUAREB.TTF using Guid(51740c486612de64780a69b9d5a5b1d1) Importer(815301076,1909f56bfc062723c751e8b465ee728b)  -> (artifact id: '37754397e032500e78c2155d409ecf0f') in 3.585276 seconds
  Import took 3.592356 seconds .

========================================================================
Received Import Request.
  Time since last request: 0.000268 seconds.
  path: Assets/Fonts/NANUMSQUARER.TTF
  artifactKey: Guid(5ba3a7e79964d564cbd7fb9f18976075) Importer(815301076,1909f56bfc062723c751e8b465ee728b)
Start importing Assets/Fonts/NANUMSQUARER.TTF using Guid(5ba3a7e79964d564cbd7fb9f18976075) Importer(815301076,1909f56bfc062723c751e8b465ee728b)  -> (artifact id: 'd603fc9bf225b3348b497e11fc790215') in 0.020679 seconds
  Import took 0.026319 seconds .

========================================================================
Received Import Request.
  Time since last request: 0.000277 seconds.
  path: Assets/Photon Unity Networking/Demos/Shared Assets/Animations/Materials/SuitMaterial.mat
  artifactKey: Guid(ed4e4079e2e99084d8d914283565fc5c) Importer(815301076,1909f56bfc062723c751e8b465ee728b)
Start importing Assets/Photon Unity Networking/Demos/Shared Assets/Animations/Materials/SuitMaterial.mat using Guid(ed4e4079e2e99084d8d914283565fc5c) Importer(815301076,1909f56bfc062723c751e8b465ee728b)  -> (artifact id: '592e5f1644bd8cdc4084b600748767a3') in 0.022196 seconds
  Import took 0.028226 seconds .

========================================================================
Received Import Request.
  Time since last request: 0.000396 seconds.
  path: Assets/Photon Unity Networking/Demos/DemoPickup/Assets/Materials/TeamPickBlueMat.mat
  artifactKey: Guid(752a308575c9ae542b83f27c5a7746fe) Importer(815301076,1909f56bfc062723c751e8b465ee728b)
Start importing Assets/Photon Unity Networking/Demos/DemoPickup/Assets/Materials/TeamPickBlueMat.mat using Guid(752a308575c9ae542b83f27c5a7746fe) Importer(815301076,1909f56bfc062723c751e8b465ee728b)  -> (artifact id: '9f420fc17c6d7af06436f1475b5060d8') in 0.025172 seconds
  Import took 0.031781 seconds .

========================================================================
Received Import Request.
  Time since last request: 0.001924 seconds.
  path: Assets/Photon Unity Networking/Demos/DemoSynchronization/MatCubeView.mat
  artifactKey: Guid(3d0155f08a6886349aefc09c21a2d7cf) Importer(815301076,1909f56bfc062723c751e8b465ee728b)
Start importing Assets/Photon Unity Networking/Demos/DemoSynchronization/MatCubeView.mat using Guid(3d0155f08a6886349aefc09c21a2d7cf) Importer(815301076,1909f56bfc062723c751e8b465ee728b)  -> (artifact id: '82a030ad5cd29b12e70a141dd95adf05') in 0.047197 seconds
  Import took 0.053809 seconds .

========================================================================
Received Import Request.
  Time since last request: 0.000593 seconds.
  path: Assets/Photon Unity Networking/Demos/PunBasics-Tutorial/Materials/UnitTextureYellow12x.mat
  artifactKey: Guid(ceba02e8dfaf34474b36fe43b51b69db) Importer(815301076,1909f56bfc062723c751e8b465ee728b)
Start importing Assets/Photon Unity Networking/Demos/PunBasics-Tutorial/Materials/UnitTextureYellow12x.mat using Guid(ceba02e8dfaf34474b36fe43b51b69db) Importer(815301076,1909f56bfc062723c751e8b465ee728b)  -> (artifact id: 'b42b95a7f59dda3519230975aa7acd3c') in 0.021016 seconds
  Import took 0.027793 seconds .

========================================================================
Received Import Request.
  Time since last request: 0.000350 seconds.
  path: Assets/Photon Unity Networking/Demos/DemoPickup/Assets/Materials/PickTiledMat.mat
  artifactKey: Guid(46ba1b9034891a845896863e11b0e97d) Importer(815301076,1909f56bfc062723c751e8b465ee728b)
Start importing Assets/Photon Unity Networking/Demos/DemoPickup/Assets/Materials/PickTiledMat.mat using Guid(46ba1b9034891a845896863e11b0e97d) Importer(815301076,1909f56bfc062723c751e8b465ee728b)  -> (artifact id: '64829b8a30a88efcd7b213a9ae48ffd5') in 0.066356 seconds
  Import took 0.078366 seconds .

========================================================================
Received Import Request.
  Time since last request: 0.000411 seconds.
  path: Assets/Photon Unity Networking/Demos/DemoWorker/Art/SimpleMaterial.mat
  artifactKey: Guid(4b1c7167fbb213a4dab343997dde0961) Importer(815301076,1909f56bfc062723c751e8b465ee728b)
Start importing Assets/Photon Unity Networking/Demos/DemoWorker/Art/SimpleMaterial.mat using Guid(4b1c7167fbb213a4dab343997dde0961) Importer(815301076,1909f56bfc062723c751e8b465ee728b)  -> (artifact id: 'a385c5cb90928926e61b18b9399a42d3') in 0.075939 seconds
  Import took 0.084305 seconds .

========================================================================
Received Import Request.
  Time since last request: 0.003973 seconds.
  path: Assets/Photon Unity Networking/Demos/MarcoPolo-Tutorial/Monstergame/Resources/Materials/muktargame-tanden.mat
  artifactKey: Guid(0b1af9419dc8fd0458d208780f7d6704) Importer(815301076,1909f56bfc062723c751e8b465ee728b)
Start importing Assets/Photon Unity Networking/Demos/MarcoPolo-Tutorial/Monstergame/Resources/Materials/muktargame-tanden.mat using Guid(0b1af9419dc8fd0458d208780f7d6704) Importer(815301076,1909f56bfc062723c751e8b465ee728b)  -> (artifact id: '8e9c5aead9c2cbdc69341c6ce78f63e7') in 0.022057 seconds
  Import took 0.032520 seconds .

========================================================================
Received Import Request.
  Time since last request: 0.002388 seconds.
  path: Assets/Photon Unity Networking/Demos/Shared Assets/Skin/Orbitron Black.ttf
  artifactKey: Guid(495c9e2a934bcc640a8d7427b13cb680) Importer(815301076,1909f56bfc062723c751e8b465ee728b)
Start importing Assets/Photon Unity Networking/Demos/Shared Assets/Skin/Orbitron Black.ttf using Guid(495c9e2a934bcc640a8d7427b13cb680) Importer(815301076,1909f56bfc062723c751e8b465ee728b)  -> (artifact id: '35addfccf01b5d1cc216cf70101704f1') in 0.030904 seconds
  Import took 0.037986 seconds .

========================================================================
Received Import Request.
  Time since last request: 0.004451 seconds.
  path: Assets/Photon Unity Networking/Demos/DemoSynchronization/MatCubeTrans.mat
  artifactKey: Guid(2785b9b4734344844824f624d27da703) Importer(815301076,1909f56bfc062723c751e8b465ee728b)
Start importing Assets/Photon Unity Networking/Demos/DemoSynchronization/MatCubeTrans.mat using Guid(2785b9b4734344844824f624d27da703) Importer(815301076,1909f56bfc062723c751e8b465ee728b)  -> (artifact id: '5746c1e5ee89bd726f4c11dd0b191c86') in 0.024290 seconds
  Import took 0.029240 seconds .

========================================================================
Received Import Request.
  Time since last request: 0.004618 seconds.
  path: Assets/Photon Unity Networking/Demos/DemoRockPaperScissors/Assets/OpenSans/OpenSans-Semibold.ttf
  artifactKey: Guid(23ccffaf915b101419d098a118141d9a) Importer(815301076,1909f56bfc062723c751e8b465ee728b)
Start importing Assets/Photon Unity Networking/Demos/DemoRockPaperScissors/Assets/OpenSans/OpenSans-Semibold.ttf using Guid(23ccffaf915b101419d098a118141d9a) Importer(815301076,1909f56bfc062723c751e8b465ee728b)  -> (artifact id: '9566f17ab5a09664877efe1f64cb7568') in 0.039342 seconds
  Import took 0.044781 seconds .

========================================================================
Received Import Request.
  Time since last request: 0.001956 seconds.
  path: Assets/Fonts/NANUMSQUAREL.TTF
  artifactKey: Guid(50388ba515fdcf647a817870d9aef258) Importer(815301076,1909f56bfc062723c751e8b465ee728b)
Start importing Assets/Fonts/NANUMSQUAREL.TTF using Guid(50388ba515fdcf647a817870d9aef258) Importer(815301076,1909f56bfc062723c751e8b465ee728b)  -> (artifact id: 'cd3c10ae2e497c0492d95a480939f13b') in 0.038764 seconds
  Import took 0.044074 seconds .

========================================================================
Received Import Request.
  Time since last request: 0.000347 seconds.
  path: Assets/Materials/_3.mat
  artifactKey: Guid(7ec6e35893475124381464882c392b9a) Importer(815301076,1909f56bfc062723c751e8b465ee728b)
Start importing Assets/Materials/_3.mat using Guid(7ec6e35893475124381464882c392b9a) Importer(815301076,1909f56bfc062723c751e8b465ee728b)  -> (artifact id: 'a2ed55f0d7593214b95e940e5aa4c767') in 0.019163 seconds
  Import took 0.026181 seconds .

========================================================================
Received Import Request.
  Time since last request: 0.000545 seconds.
  path: Assets/Photon Unity Networking/Demos/Shared Assets/Animations/Materials/TeethMaterial.mat
  artifactKey: Guid(17dd34e8a826d0641a0e0f43da1e03a0) Importer(815301076,1909f56bfc062723c751e8b465ee728b)
Start importing Assets/Photon Unity Networking/Demos/Shared Assets/Animations/Materials/TeethMaterial.mat using Guid(17dd34e8a826d0641a0e0f43da1e03a0) Importer(815301076,1909f56bfc062723c751e8b465ee728b)  -> (artifact id: '7b4e7b0c3c90fb1d5bbd2f1d270b67b6') in 0.021363 seconds
  Import took 0.030140 seconds .

========================================================================
Received Import Request.
  Time since last request: 0.000324 seconds.
  path: Assets/Photon Unity Networking/Demos/DemoRockPaperScissors/Assets/OpenSans/OpenSans-Bold.ttf
  artifactKey: Guid(c2d622bc4892ff441aee9289a6006707) Importer(815301076,1909f56bfc062723c751e8b465ee728b)
Start importing Assets/Photon Unity Networking/Demos/DemoRockPaperScissors/Assets/OpenSans/OpenSans-Bold.ttf using Guid(c2d622bc4892ff441aee9289a6006707) Importer(815301076,1909f56bfc062723c751e8b465ee728b)  -> (artifact id: '38db76ce912f80af79e604fc05854e0c') in 0.027694 seconds
  Import took 0.036263 seconds .

========================================================================
Received Import Request.
  Time since last request: 0.000351 seconds.
  path: Assets/Photon Unity Networking/Demos/PunBasics-Tutorial/Materials/UnitTextureRed12x.mat
  artifactKey: Guid(3f171282ef46c4fbea54d9ab581fcb83) Importer(815301076,1909f56bfc062723c751e8b465ee728b)
Start importing Assets/Photon Unity Networking/Demos/PunBasics-Tutorial/Materials/UnitTextureRed12x.mat using Guid(3f171282ef46c4fbea54d9ab581fcb83) Importer(815301076,1909f56bfc062723c751e8b465ee728b)  -> (artifact id: '80ce9a5f2a35db3c7243c0a57233295e') in 0.018688 seconds
  Import took 0.024528 seconds .

========================================================================
Received Import Request.
  Time since last request: 0.000340 seconds.
  path: Assets/Kmong_Sookmyung_210427/06_명신관.FBX
  artifactKey: Guid(31b7f888f4e79904d9e5b2dc36f31581) Importer(815301076,1909f56bfc062723c751e8b465ee728b)
Start importing Assets/Kmong_Sookmyung_210427/06_명신관.FBX using Guid(31b7f888f4e79904d9e5b2dc36f31581) Importer(815301076,1909f56bfc062723c751e8b465ee728b)  -> (artifact id: '2d42b56e5db21801b49df5a15a627ab6') in 0.213455 seconds
  Import took 0.224609 seconds .

========================================================================
Received Import Request.
  Time since last request: 0.000465 seconds.
  path: Assets/Kmong_Sookmyung_210427/02_도서관.FBX
  artifactKey: Guid(fedfe3b13d4f98745b704dec467146ff) Importer(815301076,1909f56bfc062723c751e8b465ee728b)
Start importing Assets/Kmong_Sookmyung_210427/02_도서관.FBX using Guid(fedfe3b13d4f98745b704dec467146ff) Importer(815301076,1909f56bfc062723c751e8b465ee728b)  -> (artifact id: 'bf451f97d25a6ab7080279767694f9ef') in 0.216083 seconds
  Import took 0.221075 seconds .

========================================================================
Received Import Request.
  Time since last request: 0.000432 seconds.
  path: Assets/Photon Unity Networking/Demos/DemoBoxes/Resources/UnitMaterial.mat
  artifactKey: Guid(c6fbde8aaae8bca4a8c7bf6490e6f981) Importer(815301076,1909f56bfc062723c751e8b465ee728b)
Start importing Assets/Photon Unity Networking/Demos/DemoBoxes/Resources/UnitMaterial.mat using Guid(c6fbde8aaae8bca4a8c7bf6490e6f981) Importer(815301076,1909f56bfc062723c751e8b465ee728b)  -> (artifact id: 'c8e860fa851a95d8c910713c81ec6a05') in 0.058088 seconds
  Import took 0.066042 seconds .

========================================================================
Received Import Request.
  Time since last request: 0.000506 seconds.
  path: Assets/Art/cadmapper-yongsan-dong-seoul-kr.skp
  artifactKey: Guid(d715613707f3cf14dbdc2750c582b25f) Importer(815301076,1909f56bfc062723c751e8b465ee728b)
Start importing Assets/Art/cadmapper-yongsan-dong-seoul-kr.skp using Guid(d715613707f3cf14dbdc2750c582b25f) Importer(815301076,1909f56bfc062723c751e8b465ee728b)  -> (artifact id: 'cc04f7c5c329a92564d44a3db2d3a368') in 2.498268 seconds
  Import took 2.511155 seconds .

========================================================================
Received Import Request.
  Time since last request: 0.000263 seconds.
  path: Assets/Photon Unity Networking/Demos/DemoPickup/Assets/Materials/TeamPickRedMat.mat
  artifactKey: Guid(c7cf1bb431b424a468eb880c591a6177) Importer(815301076,1909f56bfc062723c751e8b465ee728b)
Start importing Assets/Photon Unity Networking/Demos/DemoPickup/Assets/Materials/TeamPickRedMat.mat using Guid(c7cf1bb431b424a468eb880c591a6177) Importer(815301076,1909f56bfc062723c751e8b465ee728b)  -> (artifact id: '3d347579c8a2a1fbba102d5958898251') in 0.013037 seconds
  Import took 0.020111 seconds .

========================================================================
Received Import Request.
  Time since last request: 0.000506 seconds.
  path: Assets/Photon Unity Networking/Demos/MarcoPolo-Tutorial/Monstergame/Resources/Materials/oudemanoogcolor.mat
  artifactKey: Guid(709a0be2fd7ac094fbde0f03dbab5354) Importer(815301076,1909f56bfc062723c751e8b465ee728b)
Start importing Assets/Photon Unity Networking/Demos/MarcoPolo-Tutorial/Monstergame/Resources/Materials/oudemanoogcolor.mat using Guid(709a0be2fd7ac094fbde0f03dbab5354) Importer(815301076,1909f56bfc062723c751e8b465ee728b)  -> (artifact id: '92aad4cb30ea355857caf55a451e907c') in 0.177545 seconds
  Import took 0.182093 seconds .

========================================================================
Received Import Request.
  Time since last request: 0.000317 seconds.
  path: Assets/Photon Unity Networking/Demos/DemoRockPaperScissors/Assets/OpenSans/OpenSans-Light.ttf
  artifactKey: Guid(a6aa145e5b99127428ecde3a5acbf68b) Importer(815301076,1909f56bfc062723c751e8b465ee728b)
Start importing Assets/Photon Unity Networking/Demos/DemoRockPaperScissors/Assets/OpenSans/OpenSans-Light.ttf using Guid(a6aa145e5b99127428ecde3a5acbf68b) Importer(815301076,1909f56bfc062723c751e8b465ee728b)  -> (artifact id: '8e6499ccac8351b72a58d37f4b1c91dd') in 0.050374 seconds
  Import took 0.056454 seconds .

========================================================================
Received Import Request.
  Time since last request: 0.001488 seconds.
  path: Assets/Photon Unity Networking/Demos/Shared Assets/Materials/UnitTextureBlue12x.mat
  artifactKey: Guid(c676d877ef241ab4686e2f237b1e2f13) Importer(815301076,1909f56bfc062723c751e8b465ee728b)
Start importing Assets/Photon Unity Networking/Demos/Shared Assets/Materials/UnitTextureBlue12x.mat using Guid(c676d877ef241ab4686e2f237b1e2f13) Importer(815301076,1909f56bfc062723c751e8b465ee728b)  -> (artifact id: 'cc377eb9d85dfc9d4615af0638f0b197') in 0.018958 seconds
  Import took 0.024758 seconds .

========================================================================
Received Import Request.
  Time since last request: 0.000197 seconds.
  path: Assets/Kmong_Sookmyung_210427/04_약학대학.FBX
  artifactKey: Guid(b58852cee22efa743a173104a678c809) Importer(815301076,1909f56bfc062723c751e8b465ee728b)
Start importing Assets/Kmong_Sookmyung_210427/04_약학대학.FBX using Guid(b58852cee22efa743a173104a678c809) Importer(815301076,1909f56bfc062723c751e8b465ee728b)  -> (artifact id: 'e6588d0e973bfeb16ca27315725b5b89') in 0.219166 seconds
  Import took 0.225635 seconds .

========================================================================
Received Import Request.
  Time since last request: 0.000792 seconds.
  path: Assets/Art/Materials/sand.mat
  artifactKey: Guid(4abf159468981ba4b941fac021500144) Importer(815301076,1909f56bfc062723c751e8b465ee728b)
Start importing Assets/Art/Materials/sand.mat using Guid(4abf159468981ba4b941fac021500144) Importer(815301076,1909f56bfc062723c751e8b465ee728b)  -> (artifact id: '0afc2f6d09911649f603ebec12aca358') in 0.549144 seconds
  Import took 0.553665 seconds .

========================================================================
Received Import Request.
  Time since last request: 0.000295 seconds.
  path: Assets/Photon Unity Networking/Demos/Shared Assets/Skin/Jura-Flat-Material.mat
  artifactKey: Guid(c190da5d14d0e904ba512abe82018576) Importer(815301076,1909f56bfc062723c751e8b465ee728b)
Start importing Assets/Photon Unity Networking/Demos/Shared Assets/Skin/Jura-Flat-Material.mat using Guid(c190da5d14d0e904ba512abe82018576) Importer(815301076,1909f56bfc062723c751e8b465ee728b)  -> (artifact id: '50e9a8ed923d456bc4980beeaf19d61d') in 0.068571 seconds
  Import took 0.074934 seconds .

========================================================================
Received Import Request.
  Time since last request: 0.000608 seconds.
  path: Assets/Photon Unity Networking/Demos/MarcoPolo-Tutorial/Material/Pavement Floor.mat
  artifactKey: Guid(1dac5cd58ba9e4e4295f6968ff802b41) Importer(815301076,1909f56bfc062723c751e8b465ee728b)
Start importing Assets/Photon Unity Networking/Demos/MarcoPolo-Tutorial/Material/Pavement Floor.mat using Guid(1dac5cd58ba9e4e4295f6968ff802b41) Importer(815301076,1909f56bfc062723c751e8b465ee728b)  -> (artifact id: '4c98f0943232565d6c1fd4f9c08c69b7') in 0.111938 seconds
  Import took 0.119805 seconds .

========================================================================
Received Import Request.
  Time since last request: 0.000244 seconds.
  path: Assets/Photon Unity Networking/Demos/DemoBoxes/Resources/UnitMaterialDark.mat
  artifactKey: Guid(bd82f7e1fdfa0704e9c2422e24e0e1b6) Importer(815301076,1909f56bfc062723c751e8b465ee728b)
Start importing Assets/Photon Unity Networking/Demos/DemoBoxes/Resources/UnitMaterialDark.mat using Guid(bd82f7e1fdfa0704e9c2422e24e0e1b6) Importer(815301076,1909f56bfc062723c751e8b465ee728b)  -> (artifact id: '9a06e5552558820f05560a3dd16fbff3') in 0.047603 seconds
  Import took 0.069152 seconds .

========================================================================
Received Import Request.
  Time since last request: 0.001798 seconds.
  path: Assets/Fonts/NANUMSQUAREEB.TTF
  artifactKey: Guid(30b0738d7ff19104cb1c04c138684196) Importer(815301076,1909f56bfc062723c751e8b465ee728b)
Start importing Assets/Fonts/NANUMSQUAREEB.TTF using Guid(30b0738d7ff19104cb1c04c138684196) Importer(815301076,1909f56bfc062723c751e8b465ee728b)  -> (artifact id: '86d0ac826535c22573f90f3112b19568') in 0.032323 seconds
  Import took 0.039770 seconds .

========================================================================
Received Import Request.
  Time since last request: 0.000832 seconds.
  path: Assets/Kmong_Sookmyung_210427/05_프라임관.FBX
  artifactKey: Guid(96e666139a6dbfa4681738fd2f488725) Importer(815301076,1909f56bfc062723c751e8b465ee728b)
Start importing Assets/Kmong_Sookmyung_210427/05_프라임관.FBX using Guid(96e666139a6dbfa4681738fd2f488725) Importer(815301076,1909f56bfc062723c751e8b465ee728b)  -> (artifact id: 'a38d4f0f333378d82f22d43f8824d2e5') in 0.224320 seconds
  Import took 0.229798 seconds .

========================================================================
Received Import Request.
  Time since last request: 0.000258 seconds.
  path: Assets/Photon Unity Networking/Demos/MarcoPolo-Tutorial/Monstergame/Resources/Materials/creature1-tanden.mat
  artifactKey: Guid(98292beaa99b528409314e373d4bf6c8) Importer(815301076,1909f56bfc062723c751e8b465ee728b)
Start importing Assets/Photon Unity Networking/Demos/MarcoPolo-Tutorial/Monstergame/Resources/Materials/creature1-tanden.mat using Guid(98292beaa99b528409314e373d4bf6c8) Importer(815301076,1909f56bfc062723c751e8b465ee728b)  -> (artifact id: '62320c7c09ae942e4373cb47a71dbaaf') in 0.012601 seconds
  Import took 0.017927 seconds .

========================================================================
Received Import Request.
  Time since last request: 0.001985 seconds.
  path: Assets/Kmong_Sookmyung_210427/07_진리관.FBX
  artifactKey: Guid(30e0ad9da3e5d394dbcdbb8fd5710a2b) Importer(815301076,1909f56bfc062723c751e8b465ee728b)
Start importing Assets/Kmong_Sookmyung_210427/07_진리관.FBX using Guid(30e0ad9da3e5d394dbcdbb8fd5710a2b) Importer(815301076,1909f56bfc062723c751e8b465ee728b)  -> (artifact id: '84070c714076e9b139e690b260ecc470') in 0.248183 seconds
  Import took 0.253251 seconds .

========================================================================
Received Import Request.
  Time since last request: 0.000319 seconds.
  path: Assets/Kmong_Sookmyung_210427/08_순헌관.FBX
  artifactKey: Guid(73049c1c190c8074787dad2eb09b83bf) Importer(815301076,1909f56bfc062723c751e8b465ee728b)
Start importing Assets/Kmong_Sookmyung_210427/08_순헌관.FBX using Guid(73049c1c190c8074787dad2eb09b83bf) Importer(815301076,1909f56bfc062723c751e8b465ee728b)  -> (artifact id: '0facc798e01616dd32e179f20cf5d062') in 0.167244 seconds
  Import took 0.171593 seconds .

========================================================================
Received Import Request.
  Time since last request: 0.000343 seconds.
  path: Assets/Photon Unity Networking/Demos/MarcoPolo-Tutorial/Monstergame/Resources/Materials/muktargame-Mat.mat
  artifactKey: Guid(4ddcafa983f02e742af239c8601583eb) Importer(815301076,1909f56bfc062723c751e8b465ee728b)
Start importing Assets/Photon Unity Networking/Demos/MarcoPolo-Tutorial/Monstergame/Resources/Materials/muktargame-Mat.mat using Guid(4ddcafa983f02e742af239c8601583eb) Importer(815301076,1909f56bfc062723c751e8b465ee728b)  -> (artifact id: '63b7f0cb91c027fa6d82bae4cbc144be') in 0.678827 seconds
  Import took 0.683837 seconds .

========================================================================
Received Import Request.
  Time since last request: 0.000340 seconds.
  path: Assets/Photon Unity Networking/Demos/Shared Assets/Materials/PlayerDiamond.mat
  artifactKey: Guid(c597444fc6a08854d89baeeff4ba511d) Importer(815301076,1909f56bfc062723c751e8b465ee728b)
Start importing Assets/Photon Unity Networking/Demos/Shared Assets/Materials/PlayerDiamond.mat using Guid(c597444fc6a08854d89baeeff4ba511d) Importer(815301076,1909f56bfc062723c751e8b465ee728b)  -> (artifact id: 'b3c2d4407e222a4c0146b380a1e808b1') in 0.033104 seconds
  Import took 0.038932 seconds .

========================================================================
Received Import Request.
  Time since last request: 0.000374 seconds.
  path: Assets/Photon Unity Networking/Demos/Shared Assets/Skin/Jura-Medium.ttf
  artifactKey: Guid(e00995507c2406448b4c8429136104dd) Importer(815301076,1909f56bfc062723c751e8b465ee728b)
Start importing Assets/Photon Unity Networking/Demos/Shared Assets/Skin/Jura-Medium.ttf using Guid(e00995507c2406448b4c8429136104dd) Importer(815301076,1909f56bfc062723c751e8b465ee728b)  -> (artifact id: '06f72ca9731f4fc9658c2f4c4f5ebfc5') in 0.038590 seconds
  Import took 0.047375 seconds .

========================================================================
Received Import Request.
  Time since last request: 510.328637 seconds.
  path: Assets/Scripts/AuthGameManager.cs
  artifactKey: Guid(63008ed81550e6f45a46150b07d43764) Importer(815301076,1909f56bfc062723c751e8b465ee728b)
Start importing Assets/Scripts/AuthGameManager.cs using Guid(63008ed81550e6f45a46150b07d43764) Importer(815301076,1909f56bfc062723c751e8b465ee728b)  -> (artifact id: '5f263cda853cdb3eb57c0e7416dcbfaa') in 0.683931 seconds
  Import took 0.695350 seconds .

========================================================================
Received Import Request.
  Time since last request: 220.521278 seconds.
  path: Assets/Scenes/MainScene.unity
  artifactKey: Guid(c94840a74f1e94dc88ef59242aa217a0) Importer(815301076,1909f56bfc062723c751e8b465ee728b)
Start importing Assets/Scenes/MainScene.unity using Guid(c94840a74f1e94dc88ef59242aa217a0) Importer(815301076,1909f56bfc062723c751e8b465ee728b)  -> (artifact id: 'dd9102b4092278bd898f4ec26709929a') in 0.007302 seconds
  Import took 0.021296 seconds .

========================================================================
Received Prepare
Registering precompiled user dll's ...
Registered in 0.014205 seconds.
Begin MonoManager ReloadAssembly
Native extension for OSXStandalone target not found
Refreshing native plugins compatible for Editor in 1.73 ms, found 4 plugins.
Preloading 0 native plugins for Editor in 0.00 ms.
Invoked RoslynAnalysisRunner static constructor.
RoslynAnalysisRunner will not be running.
RoslynAnalysisRunner has terminated.
Mono: successfully reloaded assembly
- Completed reload, in  2.427 seconds
Platform modules already initialized, skipping
Switching build target platform(2) subTarget(0) extendedPlatform(0) -> platform(9) subTarget(16777218) extendedPlatform(0)
Refreshing native plugins compatible for Editor in 1.83 ms, found 4 plugins.
Preloading 0 native plugins for Editor in 0.00 ms.
Unloading 1620 Unused Serialized files (Serialized files now loaded: 0)
System memory in use before: 217.9 MB.
System memory in use after: 218.0 MB.

Unloading 96 unused Assets to reduce memory usage. Loaded Objects now: 2081.
Total: 3.155741 ms (FindLiveObjects: 0.605182 ms CreateObjectMapping: 0.227274 ms MarkObjects: 2.269743 ms  DeleteObjects: 0.051827 ms)

AssetImportParameters requested are different than current active one (requested -> active):
  custom:graphics/normal-map-encoding: 01000000000000000000000000000000 -> 02000000000000000000000000000000
========================================================================
Received Prepare
Registering precompiled user dll's ...
Registered in 0.017618 seconds.
Begin MonoManager ReloadAssembly
Native extension for OSXStandalone target not found
Refreshing native plugins compatible for Editor in 7.15 ms, found 4 plugins.
Preloading 0 native plugins for Editor in 0.00 ms.
Invoked RoslynAnalysisRunner static constructor.
RoslynAnalysisRunner will not be running.
RoslynAnalysisRunner has terminated.
Mono: successfully reloaded assembly
- Completed reload, in  2.839 seconds
Platform modules already initialized, skipping
Switching build target platform(2) subTarget(0) extendedPlatform(0) -> platform(9) subTarget(16777218) extendedPlatform(0)
Refreshing native plugins compatible for Editor in 1.25 ms, found 4 plugins.
Preloading 0 native plugins for Editor in 0.00 ms.
Unloading 1620 Unused Serialized files (Serialized files now loaded: 0)
System memory in use before: 218.2 MB.
System memory in use after: 218.3 MB.

Unloading 96 unused Assets to reduce memory usage. Loaded Objects now: 2084.
Total: 3.782371 ms (FindLiveObjects: 0.543534 ms CreateObjectMapping: 0.128574 ms MarkObjects: 3.040885 ms  DeleteObjects: 0.066230 ms)

AssetImportParameters requested are different than current active one (requested -> active):
  custom:graphics/normal-map-encoding: 01000000000000000000000000000000 -> 02000000000000000000000000000000
========================================================================
Received Import Request.
  Time since last request: 326.200166 seconds.
  path: Assets/Scenes/MainScene.unity
  artifactKey: Guid(c94840a74f1e94dc88ef59242aa217a0) Importer(815301076,1909f56bfc062723c751e8b465ee728b)
Start importing Assets/Scenes/MainScene.unity using Guid(c94840a74f1e94dc88ef59242aa217a0) Importer(815301076,1909f56bfc062723c751e8b465ee728b)  -> (artifact id: '1c217f8e52a13649871303b294eaf01a') in 0.028266 seconds
  Import took 0.041650 seconds .

========================================================================
Received Prepare
Registering precompiled user dll's ...
Registered in 0.015282 seconds.
Begin MonoManager ReloadAssembly
Native extension for OSXStandalone target not found
Refreshing native plugins compatible for Editor in 1.16 ms, found 4 plugins.
Preloading 0 native plugins for Editor in 0.00 ms.
Invoked RoslynAnalysisRunner static constructor.
RoslynAnalysisRunner will not be running.
RoslynAnalysisRunner has terminated.
Mono: successfully reloaded assembly
- Completed reload, in  2.235 seconds
Platform modules already initialized, skipping
Switching build target platform(2) subTarget(0) extendedPlatform(0) -> platform(9) subTarget(16777218) extendedPlatform(0)
Refreshing native plugins compatible for Editor in 1.20 ms, found 4 plugins.
Preloading 0 native plugins for Editor in 0.00 ms.
Unloading 1620 Unused Serialized files (Serialized files now loaded: 0)
System memory in use before: 218.4 MB.
System memory in use after: 218.5 MB.

Unloading 96 unused Assets to reduce memory usage. Loaded Objects now: 2087.
Total: 3.381126 ms (FindLiveObjects: 0.404723 ms CreateObjectMapping: 0.125825 ms MarkObjects: 2.758881 ms  DeleteObjects: 0.089141 ms)

AssetImportParameters requested are different than current active one (requested -> active):
  custom:graphics/normal-map-encoding: 01000000000000000000000000000000 -> 02000000000000000000000000000000
========================================================================
Received Prepare
Registering precompiled user dll's ...
Registered in 0.022238 seconds.
Begin MonoManager ReloadAssembly
Native extension for OSXStandalone target not found
Refreshing native plugins compatible for Editor in 1.23 ms, found 4 plugins.
Preloading 0 native plugins for Editor in 0.00 ms.
Invoked RoslynAnalysisRunner static constructor.
RoslynAnalysisRunner will not be running.
RoslynAnalysisRunner has terminated.
Mono: successfully reloaded assembly
- Completed reload, in  4.260 seconds
Platform modules already initialized, skipping
Switching build target platform(2) subTarget(0) extendedPlatform(0) -> platform(9) subTarget(16777218) extendedPlatform(0)
Refreshing native plugins compatible for Editor in 2.03 ms, found 4 plugins.
Preloading 0 native plugins for Editor in 0.00 ms.
Unloading 1620 Unused Serialized files (Serialized files now loaded: 0)
System memory in use before: 218.6 MB.
System memory in use after: 218.7 MB.

Unloading 96 unused Assets to reduce memory usage. Loaded Objects now: 2090.
Total: 6.729201 ms (FindLiveObjects: 0.418052 ms CreateObjectMapping: 2.129155 ms MarkObjects: 4.123905 ms  DeleteObjects: 0.055530 ms)

AssetImportParameters requested are different than current active one (requested -> active):
  custom:graphics/normal-map-encoding: 01000000000000000000000000000000 -> 02000000000000000000000000000000
========================================================================
Received Import Request.
  Time since last request: 112.407358 seconds.
  path: Assets/Scenes/MainScene.unity
  artifactKey: Guid(c94840a74f1e94dc88ef59242aa217a0) Importer(815301076,1909f56bfc062723c751e8b465ee728b)
Start importing Assets/Scenes/MainScene.unity using Guid(c94840a74f1e94dc88ef59242aa217a0) Importer(815301076,1909f56bfc062723c751e8b465ee728b)  -> (artifact id: '08e178650ca7db00d0f5135486e4f33a') in 0.028436 seconds
  Import took 0.032899 seconds .

========================================================================
Received Import Request.
  Time since last request: 90.498613 seconds.
  path: Assets/Image/walkingSong.gif
  artifactKey: Guid(1a798dd2a8b52434ab151d18add50220) Importer(815301076,1909f56bfc062723c751e8b465ee728b)
Start importing Assets/Image/walkingSong.gif using Guid(1a798dd2a8b52434ab151d18add50220) Importer(815301076,1909f56bfc062723c751e8b465ee728b)  -> (artifact id: '66cfeaf1e2940a4c656bd72adbb1e16c') in 1.913766 seconds
  Import took 1.918490 seconds .

========================================================================
Received Import Request.
  Time since last request: 0.000296 seconds.
  path: Assets/Photon Unity Networking/Demos/Demo2DJumpAndRunWithPhysics/Sprites/CharacterSheet.psd
  artifactKey: Guid(6eedfc74195a44648b72bcf755811a88) Importer(815301076,1909f56bfc062723c751e8b465ee728b)
Start importing Assets/Photon Unity Networking/Demos/Demo2DJumpAndRunWithPhysics/Sprites/CharacterSheet.psd using Guid(6eedfc74195a44648b72bcf755811a88) Importer(815301076,1909f56bfc062723c751e8b465ee728b)  -> (artifact id: 'bb37f5cc77cd9ba79d522280cf401b40') in 1.120986 seconds
  Import took 1.125389 seconds .

========================================================================
Received Import Request.
  Time since last request: 0.000325 seconds.
  path: Assets/Photon Unity Networking/Demos/DemoHub/Sprites/toHub.png
  artifactKey: Guid(9587663c4d27e47b19a118aabaac4a08) Importer(815301076,1909f56bfc062723c751e8b465ee728b)
Start importing Assets/Photon Unity Networking/Demos/DemoHub/Sprites/toHub.png using Guid(9587663c4d27e47b19a118aabaac4a08) Importer(815301076,1909f56bfc062723c751e8b465ee728b)  -> (artifact id: '269394a2d684eea2f41b6e0aa4eab593') in 1.905092 seconds
  Import took 1.909465 seconds .

========================================================================
Received Prepare
Registering precompiled user dll's ...
Registered in 0.013880 seconds.
Begin MonoManager ReloadAssembly
Native extension for OSXStandalone target not found
Refreshing native plugins compatible for Editor in 2.31 ms, found 4 plugins.
Preloading 0 native plugins for Editor in 0.00 ms.
Invoked RoslynAnalysisRunner static constructor.
RoslynAnalysisRunner will not be running.
RoslynAnalysisRunner has terminated.
Mono: successfully reloaded assembly
- Completed reload, in  2.576 seconds
Platform modules already initialized, skipping
Switching build target platform(2) subTarget(0) extendedPlatform(0) -> platform(9) subTarget(16777218) extendedPlatform(0)
Refreshing native plugins compatible for Editor in 2.37 ms, found 4 plugins.
Preloading 0 native plugins for Editor in 0.00 ms.
Unloading 1620 Unused Serialized files (Serialized files now loaded: 0)
System memory in use before: 233.3 MB.
System memory in use after: 233.4 MB.

Unloading 96 unused Assets to reduce memory usage. Loaded Objects now: 2281.
Total: 4.193224 ms (FindLiveObjects: 0.311431 ms CreateObjectMapping: 0.664840 ms MarkObjects: 3.119003 ms  DeleteObjects: 0.053280 ms)

AssetImportParameters requested are different than current active one (requested -> active):
  custom:graphics/normal-map-encoding: 01000000000000000000000000000000 -> 02000000000000000000000000000000
