Using pre-set license
Built from '2020.3/staging' branch; Version is '2020.3.0f1 (c7b5465681fb) revision 13088070'; Using compiler version '192528614'; Build Type 'Release'
OS: 'Windows 10 Home; OS build 19042.867; Version 2009; 64bit' Language: 'ko' Physical Memory: 16315 MB
BatchMode: 1, IsHumanControllingUs: 0, StartBugReporterOnCrash: 0, Is64bit: 1, IsPro: 0

 COMMAND LINE ARGUMENTS:
C:\Program Files\Unity\Hub\Editor\2020.3.0f1\Editor\Unity.exe
-adb2
-batchMode
-noUpm
-name
AssetImportWorker0
-projectPath
C:/Users/miles/UnityProject/Sample2
-logFile
Logs/AssetImportWorker0.log
-srvPort
52279
Successfully changed project path to: C:/Users/miles/UnityProject/Sample2
C:/Users/miles/UnityProject/Sample2
Using Asset Import Pipeline V2.
Refreshing native plugins compatible for Editor in 17.65 ms, found 0 plugins.
Preloading 0 native plugins for Editor in 0.00 ms.
Initialize engine version: 2020.3.0f1 (c7b5465681fb)
[Subsystems] Discovering subsystems at path C:/Program Files/Unity/Hub/Editor/2020.3.0f1/Editor/Data/Resources/UnitySubsystems
[Subsystems] Discovering subsystems at path C:/Users/miles/UnityProject/Sample2/Assets
GfxDevice: creating device client; threaded=0
Direct3D:
    Version:  Direct3D 11.0 [level 11.1]
    Renderer: NVIDIA GeForce RTX 2060 (ID=0x1e89)
    Vendor:   
    VRAM:     5967 MB
    Driver:   27.21.14.5671
Initialize mono
Mono path[0] = 'C:/Program Files/Unity/Hub/Editor/2020.3.0f1/Editor/Data/Managed'
Mono path[1] = 'C:/Program Files/Unity/Hub/Editor/2020.3.0f1/Editor/Data/MonoBleedingEdge/lib/mono/unityjit'
Mono config path = 'C:/Program Files/Unity/Hub/Editor/2020.3.0f1/Editor/Data/MonoBleedingEdge/etc'
Using monoOptions --debugger-agent=transport=dt_socket,embedding=1,server=y,suspend=n,address=127.0.0.1:56724
Begin MonoManager ReloadAssembly
Registering precompiled unity dll's ...
Register platform support module: C:/Program Files/Unity/Hub/Editor/2020.3.0f1/Editor/Data/PlaybackEngines/WindowsStandaloneSupport/UnityEditor.WindowsStandalone.Extensions.dll
Registered in 0.001223 seconds.
Native extension for WindowsStandalone target not found
Refreshing native plugins compatible for Editor in 18.04 ms, found 0 plugins.
Preloading 0 native plugins for Editor in 0.00 ms.
Invoked RoslynAnalysisRunner static constructor.
RoslynAnalysisRunner will not be running.
RoslynAnalysisRunner has terminated.
Mono: successfully reloaded assembly
- Completed reload, in  1.228 seconds
Platform modules already initialized, skipping
Registering precompiled user dll's ...
Registered in 0.000485 seconds.
Begin MonoManager ReloadAssembly
Native extension for WindowsStandalone target not found
Refreshing native plugins compatible for Editor in 0.21 ms, found 0 plugins.
Preloading 0 native plugins for Editor in 0.00 ms.
Invoked RoslynAnalysisRunner static constructor.
RoslynAnalysisRunner will not be running.
RoslynAnalysisRunner has terminated.
Mono: successfully reloaded assembly
- Completed reload, in  0.601 seconds
Platform modules already initialized, skipping
========================================================================
Worker process is ready to serve import requests
Launched and connected shader compiler UnityShaderCompiler.exe after 0.03 seconds
Refreshing native plugins compatible for Editor in 0.20 ms, found 0 plugins.
Preloading 0 native plugins for Editor in 0.00 ms.
Unloading 1113 Unused Serialized files (Serialized files now loaded: 0)
System memory in use before: 56.9 MB.
System memory in use after: 56.9 MB.

Unloading 10 unused Assets to reduce memory usage. Loaded Objects now: 1555.
Total: 1.501500 ms (FindLiveObjects: 0.124000 ms CreateObjectMapping: 0.031000 ms MarkObjects: 1.285900 ms  DeleteObjects: 0.059800 ms)

========================================================================
Received Import Request.
  path: Assets/noonsong.fbx
  artifactKey: Guid(868964841daf15540abe9152a6b2bcdc) Importer(815301076,1909f56bfc062723c751e8b465ee728b)
Start importing Assets/noonsong.fbx using Guid(868964841daf15540abe9152a6b2bcdc) Importer(815301076,1909f56bfc062723c751e8b465ee728b)  -> (artifact id: '183cfac1fdbb6cccca6d0631838da971') in 0.288888 seconds
  Import took 0.290916 seconds .

========================================================================
Received Import Request.
  Time since last request: 6.991829 seconds.
  path: Assets/_3.png
  artifactKey: Guid(5319b4c63dcd1e042af37fd734dc1ba9) Importer(815301076,1909f56bfc062723c751e8b465ee728b)
Start importing Assets/_3.png using Guid(5319b4c63dcd1e042af37fd734dc1ba9) Importer(815301076,1909f56bfc062723c751e8b465ee728b)  -> (artifact id: '631133035facc2615874a7593cf61349') in 0.021312 seconds
  Import took 0.023138 seconds .

========================================================================
Received Import Request.
  Time since last request: 0.000142 seconds.
  path: Assets/_4.png
  artifactKey: Guid(377be19b7a2cff7419b381c9f02a59ff) Importer(815301076,1909f56bfc062723c751e8b465ee728b)
Start importing Assets/_4.png using Guid(377be19b7a2cff7419b381c9f02a59ff) Importer(815301076,1909f56bfc062723c751e8b465ee728b)  -> (artifact id: 'ce6213a264fafdbede71d6e127671e4c') in 0.010296 seconds
  Import took 0.011888 seconds .

========================================================================
Received Import Request.
  Time since last request: 0.000124 seconds.
  path: Assets/noonsong.fbx
  artifactKey: Guid(868964841daf15540abe9152a6b2bcdc) Importer(815301076,1909f56bfc062723c751e8b465ee728b)
Start importing Assets/noonsong.fbx using Guid(868964841daf15540abe9152a6b2bcdc) Importer(815301076,1909f56bfc062723c751e8b465ee728b)  -> (artifact id: 'a42dfcebcaff768ae938f0923a4e07d3') in 0.046735 seconds
  Import took 0.048734 seconds .

========================================================================
Received Import Request.
  Time since last request: 0.000162 seconds.
  path: Assets/_6.png
  artifactKey: Guid(0b875508a04493d4b9a981bcc365f746) Importer(815301076,1909f56bfc062723c751e8b465ee728b)
Start importing Assets/_6.png using Guid(0b875508a04493d4b9a981bcc365f746) Importer(815301076,1909f56bfc062723c751e8b465ee728b)  -> (artifact id: 'b162ff9fdeda0d50d139b87341875823') in 0.008940 seconds
  Import took 0.010413 seconds .

========================================================================
Received Import Request.
  Time since last request: 0.000139 seconds.
  path: Assets/_5.png
  artifactKey: Guid(5758ee0d0e5b17a4dae25182da893f10) Importer(815301076,1909f56bfc062723c751e8b465ee728b)
Start importing Assets/_5.png using Guid(5758ee0d0e5b17a4dae25182da893f10) Importer(815301076,1909f56bfc062723c751e8b465ee728b)  -> (artifact id: '35dbf394e44c9be5ac2488955240075e') in 0.008642 seconds
  Import took 0.010018 seconds .

========================================================================
Received Import Request.
  Time since last request: 26.649603 seconds.
  path: Assets/New Animator Controller.controller
  artifactKey: Guid(8df2bec6001818c4fbd0fd4d7bd4409f) Importer(815301076,1909f56bfc062723c751e8b465ee728b)
Start importing Assets/New Animator Controller.controller using Guid(8df2bec6001818c4fbd0fd4d7bd4409f) Importer(815301076,1909f56bfc062723c751e8b465ee728b)  -> (artifact id: 'ffe4103fab40ecef47fa5ef1d4a6f23e') in 0.009422 seconds
  Import took 0.011212 seconds .

========================================================================
Received Import Request.
  Time since last request: 0.001213 seconds.
  path: Assets/New Animator Controller.controller
  artifactKey: Guid(8df2bec6001818c4fbd0fd4d7bd4409f) Importer(815301076,1909f56bfc062723c751e8b465ee728b)
Start importing Assets/New Animator Controller.controller using Guid(8df2bec6001818c4fbd0fd4d7bd4409f) Importer(815301076,1909f56bfc062723c751e8b465ee728b)  -> (artifact id: 'ffe4103fab40ecef47fa5ef1d4a6f23e') in 0.002210 seconds
  Import took 0.003959 seconds .

========================================================================
Received Import Request.
  Time since last request: 12.663735 seconds.
  path: Assets/Armature.001_walking_fast.anim
  artifactKey: Guid(59eb3552714ec9042b0b73a921d9b37f) Importer(815301076,1909f56bfc062723c751e8b465ee728b)
Start importing Assets/Armature.001_walking_fast.anim using Guid(59eb3552714ec9042b0b73a921d9b37f) Importer(815301076,1909f56bfc062723c751e8b465ee728b)  -> (artifact id: 'c925817c93d6a718a2f5f1f0cff17967') in 0.009589 seconds
  Import took 0.011565 seconds .

========================================================================
Received Import Request.
  Time since last request: 5.152990 seconds.
  path: Assets/idle.001.anim
  artifactKey: Guid(9c61af964911cf84db96589962ed729b) Importer(815301076,1909f56bfc062723c751e8b465ee728b)
Start importing Assets/idle.001.anim using Guid(9c61af964911cf84db96589962ed729b) Importer(815301076,1909f56bfc062723c751e8b465ee728b)  -> (artifact id: '206fa039eb505904719c7112a3c29883') in 0.006562 seconds
  Import took 0.008350 seconds .

========================================================================
Received Import Request.
  Time since last request: 0.000322 seconds.
  path: Assets/idle.001.anim
  artifactKey: Guid(9c61af964911cf84db96589962ed729b) Importer(815301076,1909f56bfc062723c751e8b465ee728b)
Start importing Assets/idle.001.anim using Guid(9c61af964911cf84db96589962ed729b) Importer(815301076,1909f56bfc062723c751e8b465ee728b)  -> (artifact id: '206fa039eb505904719c7112a3c29883') in 0.003198 seconds
  Import took 0.004675 seconds .

========================================================================
Received Import Request.
  Time since last request: 15.087722 seconds.
  path: Assets/walking_fast.anim
  artifactKey: Guid(59eb3552714ec9042b0b73a921d9b37f) Importer(815301076,1909f56bfc062723c751e8b465ee728b)
Start importing Assets/walking_fast.anim using Guid(59eb3552714ec9042b0b73a921d9b37f) Importer(815301076,1909f56bfc062723c751e8b465ee728b)  -> (artifact id: '8519c50bdec68d53067192fb9bd2776d') in 0.008908 seconds
  Import took 0.010825 seconds .

========================================================================
Received Import Request.
  Time since last request: 6.768934 seconds.
  path: Assets/idle.anim
  artifactKey: Guid(9c61af964911cf84db96589962ed729b) Importer(815301076,1909f56bfc062723c751e8b465ee728b)
Start importing Assets/idle.anim using Guid(9c61af964911cf84db96589962ed729b) Importer(815301076,1909f56bfc062723c751e8b465ee728b)  -> (artifact id: 'd73def03de5eb41a2ff2fb36a283d2e6') in 0.006706 seconds
  Import took 0.008514 seconds .

========================================================================
Received Import Request.
  Time since last request: 0.000481 seconds.
  path: Assets/idle.anim
  artifactKey: Guid(9c61af964911cf84db96589962ed729b) Importer(815301076,1909f56bfc062723c751e8b465ee728b)
Start importing Assets/idle.anim using Guid(9c61af964911cf84db96589962ed729b) Importer(815301076,1909f56bfc062723c751e8b465ee728b)  -> (artifact id: 'd73def03de5eb41a2ff2fb36a283d2e6') in 0.003452 seconds
  Import took 0.004816 seconds .

========================================================================
Received Import Request.
  Time since last request: 89.419974 seconds.
  path: Assets/ClickMove.cs
  artifactKey: Guid(13407b85e6f99904caf3788677c62b6e) Importer(815301076,1909f56bfc062723c751e8b465ee728b)
Start importing Assets/ClickMove.cs using Guid(13407b85e6f99904caf3788677c62b6e) Importer(815301076,1909f56bfc062723c751e8b465ee728b)  -> (artifact id: '946f2a80f59d93a1265b631e2d366d81') in 0.011021 seconds
  Import took 0.012930 seconds .

========================================================================
Received Prepare
Registering precompiled user dll's ...
Registered in 0.000380 seconds.
Begin MonoManager ReloadAssembly
Native extension for WindowsStandalone target not found
Refreshing native plugins compatible for Editor in 0.21 ms, found 0 plugins.
Preloading 0 native plugins for Editor in 0.00 ms.
Invoked RoslynAnalysisRunner static constructor.
RoslynAnalysisRunner will not be running.
RoslynAnalysisRunner has terminated.
Mono: successfully reloaded assembly
- Completed reload, in  0.579 seconds
Platform modules already initialized, skipping
Refreshing native plugins compatible for Editor in 0.20 ms, found 0 plugins.
Preloading 0 native plugins for Editor in 0.00 ms.
Unloading 1109 Unused Serialized files (Serialized files now loaded: 0)
System memory in use before: 60.5 MB.
System memory in use after: 60.6 MB.

Unloading 5 unused Assets to reduce memory usage. Loaded Objects now: 1606.
Total: 1.407900 ms (FindLiveObjects: 0.158900 ms CreateObjectMapping: 0.025000 ms MarkObjects: 1.169600 ms  DeleteObjects: 0.053700 ms)

========================================================================
Received Prepare
Registering precompiled user dll's ...
Registered in 0.000417 seconds.
Begin MonoManager ReloadAssembly
Native extension for WindowsStandalone target not found
Refreshing native plugins compatible for Editor in 0.21 ms, found 0 plugins.
Preloading 0 native plugins for Editor in 0.00 ms.
Invoked RoslynAnalysisRunner static constructor.
RoslynAnalysisRunner will not be running.
RoslynAnalysisRunner has terminated.
Mono: successfully reloaded assembly
- Completed reload, in  0.572 seconds
Platform modules already initialized, skipping
Refreshing native plugins compatible for Editor in 0.18 ms, found 0 plugins.
Preloading 0 native plugins for Editor in 0.00 ms.
Unloading 1109 Unused Serialized files (Serialized files now loaded: 0)
System memory in use before: 60.5 MB.
System memory in use after: 60.6 MB.

Unloading 5 unused Assets to reduce memory usage. Loaded Objects now: 1609.
Total: 1.474600 ms (FindLiveObjects: 0.181700 ms CreateObjectMapping: 0.032800 ms MarkObjects: 1.202700 ms  DeleteObjects: 0.056000 ms)

========================================================================
Received Import Request.
  Time since last request: 16.602070 seconds.
  path: Assets/ClickMove.cs
  artifactKey: Guid(13407b85e6f99904caf3788677c62b6e) Importer(815301076,1909f56bfc062723c751e8b465ee728b)
Start importing Assets/ClickMove.cs using Guid(13407b85e6f99904caf3788677c62b6e) Importer(815301076,1909f56bfc062723c751e8b465ee728b)  -> (artifact id: '6c7ce0b3dd26193a2e131e1584d687d7') in 0.003623 seconds
  Import took 0.005312 seconds .

========================================================================
Received Prepare
Registering precompiled user dll's ...
Registered in 0.000402 seconds.
Begin MonoManager ReloadAssembly
Native extension for WindowsStandalone target not found
Refreshing native plugins compatible for Editor in 0.21 ms, found 0 plugins.
Preloading 0 native plugins for Editor in 0.00 ms.
Invoked RoslynAnalysisRunner static constructor.
RoslynAnalysisRunner will not be running.
RoslynAnalysisRunner has terminated.
Mono: successfully reloaded assembly
- Completed reload, in  0.553 seconds
Platform modules already initialized, skipping
Refreshing native plugins compatible for Editor in 0.20 ms, found 0 plugins.
Preloading 0 native plugins for Editor in 0.00 ms.
Unloading 1109 Unused Serialized files (Serialized files now loaded: 0)
System memory in use before: 60.5 MB.
System memory in use after: 60.6 MB.

Unloading 5 unused Assets to reduce memory usage. Loaded Objects now: 1612.
Total: 1.621600 ms (FindLiveObjects: 0.155800 ms CreateObjectMapping: 0.031600 ms MarkObjects: 1.388300 ms  DeleteObjects: 0.044300 ms)

========================================================================
Received Import Request.
  Time since last request: 32.215082 seconds.
  path: Assets/ClickMove.cs
  artifactKey: Guid(13407b85e6f99904caf3788677c62b6e) Importer(815301076,1909f56bfc062723c751e8b465ee728b)
Start importing Assets/ClickMove.cs using Guid(13407b85e6f99904caf3788677c62b6e) Importer(815301076,1909f56bfc062723c751e8b465ee728b)  -> (artifact id: '2e6a1ecb737d12062159b4db9061319f') in 0.003716 seconds
  Import took 0.005299 seconds .

========================================================================
Received Prepare
Registering precompiled user dll's ...
Registered in 0.000372 seconds.
Begin MonoManager ReloadAssembly
Native extension for WindowsStandalone target not found
Refreshing native plugins compatible for Editor in 0.23 ms, found 0 plugins.
Preloading 0 native plugins for Editor in 0.00 ms.
Invoked RoslynAnalysisRunner static constructor.
RoslynAnalysisRunner will not be running.
RoslynAnalysisRunner has terminated.
Mono: successfully reloaded assembly
- Completed reload, in  0.603 seconds
Platform modules already initialized, skipping
Refreshing native plugins compatible for Editor in 0.22 ms, found 0 plugins.
Preloading 0 native plugins for Editor in 0.00 ms.
Unloading 1109 Unused Serialized files (Serialized files now loaded: 0)
System memory in use before: 60.5 MB.
System memory in use after: 60.6 MB.

Unloading 5 unused Assets to reduce memory usage. Loaded Objects now: 1615.
Total: 1.544900 ms (FindLiveObjects: 0.129800 ms CreateObjectMapping: 0.026900 ms MarkObjects: 1.338300 ms  DeleteObjects: 0.048500 ms)

========================================================================
Received Import Request.
  Time since last request: 441.982809 seconds.
  path: Assets/MouseInputTester.cs
  artifactKey: Guid(053bb705a0a69fa4e90314982c95519f) Importer(815301076,1909f56bfc062723c751e8b465ee728b)
Start importing Assets/MouseInputTester.cs using Guid(053bb705a0a69fa4e90314982c95519f) Importer(815301076,1909f56bfc062723c751e8b465ee728b)  -> (artifact id: '177c2d7700e563270b8486a106424142') in 0.007967 seconds
  Import took 0.010213 seconds .

========================================================================
Received Import Request.
  Time since last request: 0.002342 seconds.
  path: Assets/MouseInputTester.cs
  artifactKey: Guid(053bb705a0a69fa4e90314982c95519f) Importer(815301076,1909f56bfc062723c751e8b465ee728b)
Start importing Assets/MouseInputTester.cs using Guid(053bb705a0a69fa4e90314982c95519f) Importer(815301076,1909f56bfc062723c751e8b465ee728b)  -> (artifact id: '177c2d7700e563270b8486a106424142') in 0.002402 seconds
  Import took 0.004439 seconds .

========================================================================
Received Prepare
Registering precompiled user dll's ...
Registered in 0.000480 seconds.
Begin MonoManager ReloadAssembly
Native extension for WindowsStandalone target not found
Refreshing native plugins compatible for Editor in 0.29 ms, found 0 plugins.
Preloading 0 native plugins for Editor in 0.00 ms.
Invoked RoslynAnalysisRunner static constructor.
RoslynAnalysisRunner will not be running.
RoslynAnalysisRunner has terminated.
Mono: successfully reloaded assembly
- Completed reload, in  0.616 seconds
Platform modules already initialized, skipping
Refreshing native plugins compatible for Editor in 0.23 ms, found 0 plugins.
Preloading 0 native plugins for Editor in 0.00 ms.
Unloading 1110 Unused Serialized files (Serialized files now loaded: 0)
System memory in use before: 60.6 MB.
System memory in use after: 60.6 MB.

Unloading 5 unused Assets to reduce memory usage. Loaded Objects now: 1619.
Total: 1.580200 ms (FindLiveObjects: 0.199200 ms CreateObjectMapping: 0.027000 ms MarkObjects: 1.302400 ms  DeleteObjects: 0.050600 ms)

========================================================================
Received Import Request.
  Time since last request: 289.900446 seconds.
  path: Assets/MouseInputTester.cs
  artifactKey: Guid(053bb705a0a69fa4e90314982c95519f) Importer(815301076,1909f56bfc062723c751e8b465ee728b)
Start importing Assets/MouseInputTester.cs using Guid(053bb705a0a69fa4e90314982c95519f) Importer(815301076,1909f56bfc062723c751e8b465ee728b)  -> (artifact id: 'f72c1b29e5d04a770676e3e53c2f86fc') in 0.004283 seconds
  Import took 0.006192 seconds .

========================================================================
Received Import Request.
  Time since last request: 510.723761 seconds.
  path: Assets/MouseInputTester.cs
  artifactKey: Guid(053bb705a0a69fa4e90314982c95519f) Importer(815301076,1909f56bfc062723c751e8b465ee728b)
Start importing Assets/MouseInputTester.cs using Guid(053bb705a0a69fa4e90314982c95519f) Importer(815301076,1909f56bfc062723c751e8b465ee728b)  -> (artifact id: 'bae870001a5ac150a5973463c144fa9b') in 0.002464 seconds
  Import took 0.004552 seconds .

========================================================================
Received Import Request.
  Time since last request: 0.007179 seconds.
  path: Assets/MouseInputTester.cs
  artifactKey: Guid(053bb705a0a69fa4e90314982c95519f) Importer(815301076,1909f56bfc062723c751e8b465ee728b)
Start importing Assets/MouseInputTester.cs using Guid(053bb705a0a69fa4e90314982c95519f) Importer(815301076,1909f56bfc062723c751e8b465ee728b)  -> (artifact id: 'bae870001a5ac150a5973463c144fa9b') in 0.002115 seconds
  Import took 0.003529 seconds .

========================================================================
Received Prepare
Registering precompiled user dll's ...
Registered in 0.000402 seconds.
Begin MonoManager ReloadAssembly
Native extension for WindowsStandalone target not found
Refreshing native plugins compatible for Editor in 0.22 ms, found 0 plugins.
Preloading 0 native plugins for Editor in 0.00 ms.
Invoked RoslynAnalysisRunner static constructor.
RoslynAnalysisRunner will not be running.
RoslynAnalysisRunner has terminated.
Mono: successfully reloaded assembly
- Completed reload, in  0.561 seconds
Platform modules already initialized, skipping
Refreshing native plugins compatible for Editor in 0.20 ms, found 0 plugins.
Preloading 0 native plugins for Editor in 0.00 ms.
Unloading 1109 Unused Serialized files (Serialized files now loaded: 0)
System memory in use before: 60.6 MB.
System memory in use after: 60.6 MB.

Unloading 6 unused Assets to reduce memory usage. Loaded Objects now: 1621.
Total: 1.453100 ms (FindLiveObjects: 0.198600 ms CreateObjectMapping: 0.049200 ms MarkObjects: 1.156300 ms  DeleteObjects: 0.047900 ms)

========================================================================
Received Prepare
Registering precompiled user dll's ...
Registered in 0.000404 seconds.
Begin MonoManager ReloadAssembly
Native extension for WindowsStandalone target not found
Refreshing native plugins compatible for Editor in 0.23 ms, found 0 plugins.
Preloading 0 native plugins for Editor in 0.00 ms.
Invoked RoslynAnalysisRunner static constructor.
RoslynAnalysisRunner will not be running.
RoslynAnalysisRunner has terminated.
Mono: successfully reloaded assembly
- Completed reload, in  0.607 seconds
Platform modules already initialized, skipping
Refreshing native plugins compatible for Editor in 0.23 ms, found 0 plugins.
Preloading 0 native plugins for Editor in 0.00 ms.
Unloading 1109 Unused Serialized files (Serialized files now loaded: 0)
System memory in use before: 60.6 MB.
System memory in use after: 60.6 MB.

Unloading 5 unused Assets to reduce memory usage. Loaded Objects now: 1624.
Total: 1.749300 ms (FindLiveObjects: 0.224700 ms CreateObjectMapping: 0.035600 ms MarkObjects: 1.433400 ms  DeleteObjects: 0.054000 ms)

========================================================================
Received Prepare
Registering precompiled user dll's ...
Registered in 0.000409 seconds.
Begin MonoManager ReloadAssembly
Native extension for WindowsStandalone target not found
Refreshing native plugins compatible for Editor in 0.21 ms, found 0 plugins.
Preloading 0 native plugins for Editor in 0.00 ms.
Invoked RoslynAnalysisRunner static constructor.
RoslynAnalysisRunner will not be running.
RoslynAnalysisRunner has terminated.
Mono: successfully reloaded assembly
- Completed reload, in  0.546 seconds
Platform modules already initialized, skipping
Refreshing native plugins compatible for Editor in 0.20 ms, found 0 plugins.
Preloading 0 native plugins for Editor in 0.00 ms.
Unloading 1109 Unused Serialized files (Serialized files now loaded: 0)
System memory in use before: 60.6 MB.
System memory in use after: 60.7 MB.

Unloading 5 unused Assets to reduce memory usage. Loaded Objects now: 1627.
Total: 1.398300 ms (FindLiveObjects: 0.128200 ms CreateObjectMapping: 0.026100 ms MarkObjects: 1.200400 ms  DeleteObjects: 0.042900 ms)

========================================================================
Received Prepare
Registering precompiled user dll's ...
Registered in 0.000369 seconds.
Begin MonoManager ReloadAssembly
Native extension for WindowsStandalone target not found
Refreshing native plugins compatible for Editor in 0.20 ms, found 0 plugins.
Preloading 0 native plugins for Editor in 0.00 ms.
Invoked RoslynAnalysisRunner static constructor.
RoslynAnalysisRunner will not be running.
RoslynAnalysisRunner has terminated.
Mono: successfully reloaded assembly
- Completed reload, in  0.547 seconds
Platform modules already initialized, skipping
Refreshing native plugins compatible for Editor in 0.20 ms, found 0 plugins.
Preloading 0 native plugins for Editor in 0.00 ms.
Unloading 1109 Unused Serialized files (Serialized files now loaded: 0)
System memory in use before: 60.6 MB.
System memory in use after: 60.7 MB.

Unloading 5 unused Assets to reduce memory usage. Loaded Objects now: 1630.
Total: 1.402600 ms (FindLiveObjects: 0.125600 ms CreateObjectMapping: 0.028500 ms MarkObjects: 1.206100 ms  DeleteObjects: 0.041500 ms)

========================================================================
Received Prepare
Registering precompiled user dll's ...
Registered in 0.000401 seconds.
Begin MonoManager ReloadAssembly
Native extension for WindowsStandalone target not found
Refreshing native plugins compatible for Editor in 0.21 ms, found 0 plugins.
Preloading 0 native plugins for Editor in 0.00 ms.
Invoked RoslynAnalysisRunner static constructor.
RoslynAnalysisRunner will not be running.
RoslynAnalysisRunner has terminated.
Mono: successfully reloaded assembly
- Completed reload, in  0.569 seconds
Platform modules already initialized, skipping
Refreshing native plugins compatible for Editor in 0.21 ms, found 0 plugins.
Preloading 0 native plugins for Editor in 0.00 ms.
Unloading 1109 Unused Serialized files (Serialized files now loaded: 0)
System memory in use before: 60.6 MB.
System memory in use after: 60.7 MB.

Unloading 5 unused Assets to reduce memory usage. Loaded Objects now: 1633.
Total: 2.328400 ms (FindLiveObjects: 0.183000 ms CreateObjectMapping: 0.028100 ms MarkObjects: 2.049700 ms  DeleteObjects: 0.065800 ms)

========================================================================
Received Prepare
Registering precompiled user dll's ...
Registered in 0.000440 seconds.
Begin MonoManager ReloadAssembly
Native extension for WindowsStandalone target not found
Refreshing native plugins compatible for Editor in 0.32 ms, found 0 plugins.
Preloading 0 native plugins for Editor in 0.00 ms.
Invoked RoslynAnalysisRunner static constructor.
RoslynAnalysisRunner will not be running.
RoslynAnalysisRunner has terminated.
Mono: successfully reloaded assembly
- Completed reload, in  0.603 seconds
Platform modules already initialized, skipping
Refreshing native plugins compatible for Editor in 0.31 ms, found 0 plugins.
Preloading 0 native plugins for Editor in 0.00 ms.
Unloading 1109 Unused Serialized files (Serialized files now loaded: 0)
System memory in use before: 60.6 MB.
System memory in use after: 60.7 MB.

Unloading 5 unused Assets to reduce memory usage. Loaded Objects now: 1636.
Total: 1.946100 ms (FindLiveObjects: 0.242400 ms CreateObjectMapping: 0.028300 ms MarkObjects: 1.582100 ms  DeleteObjects: 0.091900 ms)

========================================================================
Received Prepare
Registering precompiled user dll's ...
Registered in 0.000405 seconds.
Begin MonoManager ReloadAssembly
Native extension for WindowsStandalone target not found
Refreshing native plugins compatible for Editor in 0.24 ms, found 0 plugins.
Preloading 0 native plugins for Editor in 0.00 ms.
Invoked RoslynAnalysisRunner static constructor.
RoslynAnalysisRunner will not be running.
RoslynAnalysisRunner has terminated.
Mono: successfully reloaded assembly
- Completed reload, in  0.571 seconds
Platform modules already initialized, skipping
Refreshing native plugins compatible for Editor in 0.20 ms, found 0 plugins.
Preloading 0 native plugins for Editor in 0.00 ms.
Unloading 1109 Unused Serialized files (Serialized files now loaded: 0)
System memory in use before: 60.6 MB.
System memory in use after: 60.7 MB.

Unloading 5 unused Assets to reduce memory usage. Loaded Objects now: 1639.
Total: 1.579100 ms (FindLiveObjects: 0.127900 ms CreateObjectMapping: 0.028300 ms MarkObjects: 1.379700 ms  DeleteObjects: 0.042000 ms)

========================================================================
Received Prepare
Registering precompiled user dll's ...
Registered in 0.000536 seconds.
Begin MonoManager ReloadAssembly
Native extension for WindowsStandalone target not found
Refreshing native plugins compatible for Editor in 0.22 ms, found 0 plugins.
Preloading 0 native plugins for Editor in 0.00 ms.
Invoked RoslynAnalysisRunner static constructor.
RoslynAnalysisRunner will not be running.
RoslynAnalysisRunner has terminated.
Mono: successfully reloaded assembly
- Completed reload, in  0.597 seconds
Platform modules already initialized, skipping
Refreshing native plugins compatible for Editor in 0.24 ms, found 0 plugins.
Preloading 0 native plugins for Editor in 0.00 ms.
Unloading 1109 Unused Serialized files (Serialized files now loaded: 0)
System memory in use before: 60.6 MB.
System memory in use after: 60.7 MB.

Unloading 5 unused Assets to reduce memory usage. Loaded Objects now: 1642.
Total: 1.806600 ms (FindLiveObjects: 0.193600 ms CreateObjectMapping: 0.025900 ms MarkObjects: 1.530500 ms  DeleteObjects: 0.055400 ms)

========================================================================
Received Prepare
Registering precompiled user dll's ...
Registered in 0.000416 seconds.
Begin MonoManager ReloadAssembly
Native extension for WindowsStandalone target not found
Refreshing native plugins compatible for Editor in 0.20 ms, found 0 plugins.
Preloading 0 native plugins for Editor in 0.00 ms.
Invoked RoslynAnalysisRunner static constructor.
RoslynAnalysisRunner will not be running.
RoslynAnalysisRunner has terminated.
Mono: successfully reloaded assembly
- Completed reload, in  0.563 seconds
Platform modules already initialized, skipping
Refreshing native plugins compatible for Editor in 0.22 ms, found 0 plugins.
Preloading 0 native plugins for Editor in 0.00 ms.
Unloading 1109 Unused Serialized files (Serialized files now loaded: 0)
System memory in use before: 60.6 MB.
System memory in use after: 60.7 MB.

Unloading 5 unused Assets to reduce memory usage. Loaded Objects now: 1645.
Total: 1.444400 ms (FindLiveObjects: 0.182700 ms CreateObjectMapping: 0.026100 ms MarkObjects: 1.190200 ms  DeleteObjects: 0.043900 ms)

========================================================================
Received Prepare
Registering precompiled user dll's ...
Registered in 0.000440 seconds.
Begin MonoManager ReloadAssembly
Native extension for WindowsStandalone target not found
Refreshing native plugins compatible for Editor in 0.21 ms, found 0 plugins.
Preloading 0 native plugins for Editor in 0.00 ms.
Invoked RoslynAnalysisRunner static constructor.
RoslynAnalysisRunner will not be running.
RoslynAnalysisRunner has terminated.
Mono: successfully reloaded assembly
- Completed reload, in  0.549 seconds
Platform modules already initialized, skipping
Refreshing native plugins compatible for Editor in 0.27 ms, found 0 plugins.
Preloading 0 native plugins for Editor in 0.00 ms.
Unloading 1109 Unused Serialized files (Serialized files now loaded: 0)
System memory in use before: 60.7 MB.
System memory in use after: 60.7 MB.

Unloading 5 unused Assets to reduce memory usage. Loaded Objects now: 1648.
Total: 1.420100 ms (FindLiveObjects: 0.164700 ms CreateObjectMapping: 0.025700 ms MarkObjects: 1.177200 ms  DeleteObjects: 0.051500 ms)

========================================================================
Received Prepare
Registering precompiled user dll's ...
Registered in 0.000364 seconds.
Begin MonoManager ReloadAssembly
Native extension for WindowsStandalone target not found
Refreshing native plugins compatible for Editor in 0.24 ms, found 0 plugins.
Preloading 0 native plugins for Editor in 0.00 ms.
Invoked RoslynAnalysisRunner static constructor.
RoslynAnalysisRunner will not be running.
RoslynAnalysisRunner has terminated.
Mono: successfully reloaded assembly
- Completed reload, in  0.548 seconds
Platform modules already initialized, skipping
Refreshing native plugins compatible for Editor in 0.21 ms, found 0 plugins.
Preloading 0 native plugins for Editor in 0.00 ms.
Unloading 1109 Unused Serialized files (Serialized files now loaded: 0)
System memory in use before: 60.7 MB.
System memory in use after: 60.7 MB.

Unloading 5 unused Assets to reduce memory usage. Loaded Objects now: 1651.
Total: 1.663400 ms (FindLiveObjects: 0.141500 ms CreateObjectMapping: 0.026400 ms MarkObjects: 1.449400 ms  DeleteObjects: 0.044000 ms)

========================================================================
Received Import Request.
  Time since last request: 4506.390097 seconds.
  path: Assets/ClickMove.cs
  artifactKey: Guid(13407b85e6f99904caf3788677c62b6e) Importer(815301076,1909f56bfc062723c751e8b465ee728b)
Start importing Assets/ClickMove.cs using Guid(13407b85e6f99904caf3788677c62b6e) Importer(815301076,1909f56bfc062723c751e8b465ee728b)  -> (artifact id: '31ab9d1231cb2b3dea7d11ab250bea0b') in 0.003921 seconds
  Import took 0.005682 seconds .

========================================================================
Received Prepare
Registering precompiled user dll's ...
Registered in 0.000367 seconds.
Begin MonoManager ReloadAssembly
Native extension for WindowsStandalone target not found
Refreshing native plugins compatible for Editor in 0.21 ms, found 0 plugins.
Preloading 0 native plugins for Editor in 0.00 ms.
Invoked RoslynAnalysisRunner static constructor.
RoslynAnalysisRunner will not be running.
RoslynAnalysisRunner has terminated.
Mono: successfully reloaded assembly
- Completed reload, in  0.545 seconds
Platform modules already initialized, skipping
Refreshing native plugins compatible for Editor in 0.18 ms, found 0 plugins.
Preloading 0 native plugins for Editor in 0.00 ms.
Unloading 1109 Unused Serialized files (Serialized files now loaded: 0)
System memory in use before: 60.7 MB.
System memory in use after: 60.7 MB.

Unloading 5 unused Assets to reduce memory usage. Loaded Objects now: 1654.
Total: 1.390600 ms (FindLiveObjects: 0.145900 ms CreateObjectMapping: 0.025500 ms MarkObjects: 1.180900 ms  DeleteObjects: 0.037300 ms)

========================================================================
Received Prepare
Registering precompiled user dll's ...
Registered in 0.000380 seconds.
Begin MonoManager ReloadAssembly
Native extension for WindowsStandalone target not found
Refreshing native plugins compatible for Editor in 0.24 ms, found 0 plugins.
Preloading 0 native plugins for Editor in 0.00 ms.
Invoked RoslynAnalysisRunner static constructor.
RoslynAnalysisRunner will not be running.
RoslynAnalysisRunner has terminated.
Mono: successfully reloaded assembly
- Completed reload, in  0.540 seconds
Platform modules already initialized, skipping
Refreshing native plugins compatible for Editor in 0.19 ms, found 0 plugins.
Preloading 0 native plugins for Editor in 0.00 ms.
Unloading 1109 Unused Serialized files (Serialized files now loaded: 0)
System memory in use before: 60.7 MB.
System memory in use after: 60.8 MB.

Unloading 5 unused Assets to reduce memory usage. Loaded Objects now: 1657.
Total: 1.494400 ms (FindLiveObjects: 0.157500 ms CreateObjectMapping: 0.028400 ms MarkObjects: 1.260100 ms  DeleteObjects: 0.047400 ms)

========================================================================
Received Prepare
Registering precompiled user dll's ...
Registered in 0.000387 seconds.
Begin MonoManager ReloadAssembly
Native extension for WindowsStandalone target not found
Refreshing native plugins compatible for Editor in 0.34 ms, found 0 plugins.
Preloading 0 native plugins for Editor in 0.00 ms.
Invoked RoslynAnalysisRunner static constructor.
RoslynAnalysisRunner will not be running.
RoslynAnalysisRunner has terminated.
Mono: successfully reloaded assembly
- Completed reload, in  0.619 seconds
Platform modules already initialized, skipping
Refreshing native plugins compatible for Editor in 0.29 ms, found 0 plugins.
Preloading 0 native plugins for Editor in 0.00 ms.
Unloading 1109 Unused Serialized files (Serialized files now loaded: 0)
System memory in use before: 60.7 MB.
System memory in use after: 60.8 MB.

Unloading 5 unused Assets to reduce memory usage. Loaded Objects now: 1660.
Total: 1.818700 ms (FindLiveObjects: 0.186200 ms CreateObjectMapping: 0.027100 ms MarkObjects: 1.553600 ms  DeleteObjects: 0.050500 ms)

AssetImportWorkerClient::OnTransportError - code=2 error=End of file
